11263 9654
0 10717
5960 2980
1180 0
13657 1951
5859 5859
6979 5982
6456 3228
2708 8124
3357 2238
1323 0
10062 15093
886 4430
0 2106
0 12950
9090 1515
0 1765
7050 12690
1095 3285
10885 10885
0 0
6248 15620
7904 5928
5544 6160
9824 0
5523 7890
1525 1525
396 198
5490 1830
5004 3336
3072 0
11382 1626
15040 7520
0 11291
8824 0
7553 6474
1995 0
3824 3346
13909 17883
7852 5889
18920 17028
12166 12166
10188 4528
603 0
1692 1974
16100 4830
1443 1924
9132 13698
0 3288
1322 0
15352 15352
1176 784
7744 6776
5535 5535
7344 6528
9296 0
10395 3465
6480 3240
7776 7776
240 0
4325 8650
7340 734
0 3438
11943 11943
7158 11930
15904 3976
2916 2187
1264 1264
0 3980
0 5085
1880 4700
1460 0
7130 14260
3656 4570
4023 1341
0 3816
1509 0
5916 10353
5340 9345
0 8288
1638 2340
1956 652
9776 3666
978 2282
1382 6910
1525 4575
0 2988
5016 5016
3447 5745
1794 3588
0 1967
8334 1389
19070 0
4680 2808
13660 0
11316 7544
2245 3592
2794 5588
2346 1564
1230 1230
7588 9485
17235 13405
4330 2165
4398 1466
15576 11682
3062 1531
4690 0
12978 7210
720 576
2338 3340
10494 8745
9408 8232
7340 1468
1848 8316
6844 11977
3356 3356
4977 11613
9945 19890
4542 10598
11214 13083
6184 5411
0 11898
5800 5220
11900 5950
8665 8665
3744 3744
13040 13040
365 1460
19670 11802
14592 10944
13250 5300
0 0
370 2590
640 2560
9540 2120
1512 945
2344 2637
12684 14496
876 1314
0 14022
3402 3402
1162 1328
8424 2808
2596 3245
1233 3288
7528 3764
2736 6156
13580 6790
2478 8260
3028 3028
6930 8085
1122 10098
13590 12080
10134 11260
371 1113
7790 7790
257 1028
4425 11800
8110 2433
1275 0
11814 0
2737 1955
9680 3630
2784 1392
5796 8694
1017 1695
2460 0
9695 9695
5178 13808
1688 422
9877 1411
5288 5949
218 654
1510 2416
11640 4656
10792 9443
4224 8448
15336 10224
5320 4788
2480 620
1313 6565
10822 12368
3792 13272
264 1188
13008 3252
924 1188
10752 10752
4140 8280
2935 4696
369 738
11184 7456
2376 792
4879 3485
1842 9210
2924 6579
0 936
1802 3604
1353 5412
4384 1096
15630 1563
6725 9415
853 5118
3280 14760
14094 0
2776 347
4656 5238
0 16092
3592 0
13808 3452
9569 1367
11046 11046
688 1376
1446 4338
5304 0
1881 9405
4785 6380
1625 1625
1748 874
11886 15848
4203 2335
10800 12000
4662 7770
3022 9066
6306 0
3861 3861
3360 2520
2425 2425
10836 5418
825 660
8911 7638
1740 8700
0 504
8478 11304
2252 5067
3825 1700
0 11808
8379 4788
0 5241
1917 426
13527 3006
2152 807
2728 6138
11250 15000
2496 1248
1190 2142
1336 0
6460 12920
5120 12800
3496 6992
2990 2990
3760 3760
4504 4504
173 1730
11599 8285
1234 6170
764 3056
0 2068
0 4920
1434 1434
768 1280
7568 3784
3700 7400
4942 2824
1626 1084
1448 724
1595 638
4110 4110
5376 6272
2958 3944
5108 7662
1328 0
0 1541
2392 1794
8376 4188
7930 7930
549 0
3180 1908
808 1212
7736 5802
0 2442
0 17217
2608 5216
9970 13958
7698 6415
275 550
7904 7904
978 3260
4242 0
3990 3990
5013 5570
7434 1652
12215 0
575 460
1152 1008
4311 958
0 2556
369 246
1515 5050
220 2200
306 1020
17430 6972
756 882
4140 6210
1842 7368
7892 13811
9060 0
0 7504
204 1632
11504 1438
3754 3754
10073 11512
8784 0
0 9275
3604 901
2640 1980
0 3522
849 1981
0 3254
5028 10056
3025 4840
1089 1089
0 11360
2745 3660
0 5960
1568 1568
6960 4872
5380 0
0 12544
9762 4881
16470 10980
15430 9258
5076 10152
1576 591
0 1818
1773 197
1382 8292
11110 0
11504 0
736 1840
4503 10507
5800 8120
1100 4950
6820 1364
4641 0
678 678
1242 2070
18020 3604
3165 1899
0 0
15030 4509
0 3164
3862 3862
8690 7821
9085 18170
10188 2264
18690 16821
0 16110
15288 1911
965 2895
6512 814
6580 0
530 4770
12796 16452
1539 5130
9522 12696
9900 11550
13727 0
4224 2816
4210 842
7317 0
2282 11410
7750 7750
458 0
3384 6768
636 0
667 6670
4410 5145
231 1848
17658 3924
3258 724
5964 15904
12546 1394
2490 8300
666 2331
2086 596
0 19700
406 1218
3026 15130
12177 9471
12565 12565
1749 15741
7180 2872
4256 9576
1780 890
2031 6093
5898 9830
6512 814
16038 17820
2415 0
3066 9198
7840 4704
5376 10752
955 8595
2618 3366
15240 11430
3924 6540
12705 3630
5745 9575
0 16992
2880 4800
526 1578
11432 14290
3525 8225
11024 6890
4191 5588
0 0
2732 2049
4188 3490
4544 3976
10280 3855
12523 10734
369 1230
0 6234
10788 14384
2604 3906
1278 7668
0 6864
6332 11081
1908 3816
4960 1240
10840 12195
0 2156
3156 15780
994 2982
8210 0
7945 3178
0 3255
5640 6768
0 2586
3108 0
14472 3618
0 1436
1500 1000
9048 0
1152 8064
1724 862
2520 5880
15732 10488
4671 519
6534 5445
3278 3278
12089 17270
1190 1190
11230 1123
1074 358
964 6748
3702 9872
3519 3910
10980 3660
3065 3065
11600 1450
5298 7064
1440 1200
15858 8810
1492 2984
2046 8184
1730 2076
4884 5698
802 4010
9340 16812
12969 12969
2648 3310
3577 0
577 577
1085 1736
8376 0
1528 13752
0 8730
12790 5116
0 2872
3484 6097
1036 592
6488 14598
13790 9850
3800 1425
10026 1671
0 5047
2037 2037
16590 14931
1703 3406
1394 1394
4224 1408
1470 2205
9882 1647
3156 3156
9808 4904
0 0
9894 4947
7064 5298
1575 2625
4392 976
14416 9010
13265 9475
438 146
2392 9568
3720 3720
9865 7892
4887 543
510 340
17070 11949
1875 1250
1030 1030
10829 3094
2792 3490
1587 4761
993 1655
5032 3145
1988 3479
4040 5656
453 1057
3159 2808
1667 16670
3586 16137
3888 9720
784 1960
13070 6535
16092 3576
5155 3093
6944 7936
577 5193
13480 5392
7488 0
5552 6940
1335 2670
4359 0
7021 1003
7848 3924
18190 7276
660 990
3254 11389
3988 997
484 121
588 1764
1008 672
1030 0
632 0
9960 3735
2600 3250
3156 3156
2115 1692
0 2328
10890 8712
11640 11640
3678 5517
1603 4809
5034 5873
1332 1332
7860 2620
15200 3040
8406 1868
0 9765
4905 4905
0 9060
5613 11226
1722 287
664 498
0 2562
12250 8750
0 670
10592 10592
13328 4998
3928 19640
3594 4193
1242 414
2090 2090
3436 6872
1830 0
12897 11464
536 804
0 0
12705 7260
1899 5697
9888 4944
9955 17919
5292 0
428 1712
12410 1241
632 948
5895 0
9723 4167
522 174
4350 3625
11172 4788
4605 6447
2466 822
3596 17980
7016 6139
5844 5844
3654 1218
10736 10736
7938 0
4868 1217
3456 8640
5915 5915
4878 813
5400 9000
1020 765
4230 5640
3152 15760
6920 3460
12290 3687
4372 1093
7435 1487
3720 1116
14608 7304
1843 3686
15696 0
1200 200
10488 1311
0 14760
1878 5634
8082 13470
13320 4440
4332 8664
3126 7294
0 7810
482 241
0 2646
4430 4430
5230 1046
540 3240
0 2560
4089 12267
3861 11583
0 7974
7832 7832
7884 3942
1985 794
187 1122
2950 295
14796 11508
618 618
6300 4500
15920 11940
0 1652
1288 1840
0 0
7144 0
3824 0
0 4210
0 772
652 1141
5648 2824
5972 10451
1066 9594
436 545
3120 6240
6594 9891
0 5190
0 524
7803 4335
16020 12816
1395 1116
4535 5442
888 0
1217 8519
1696 424
13376 5016
2009 2583
0 1562
7790 14022
7928 19820
6840 6840
2732 6830
1290 3225
1011 3033
1370 137
1622 2433
3856 1928
0 4900
3800 0
0 14952
10866 0
8449 7242
5740 4592
582 194
7245 7245
1020 1020
3380 8450
14280 9996
2310 2310
1832 916
18830 18830
5118 5118
2220 1998
11150 6690
9470 7576
3660 3660
3776 3776
712 890
17940 14352
0 513
1215 675
8430 5620
2548 0
8288 3108
13752 12033
506 0
16164 0
3136 7840
6885 0
0 1692
9120 9120
4312 1848
12416 7760
10192 6370
3018 3521
10110 16850
14896 5586
12670 10136
5640 1692
7299 6488
2928 1464
1838 9190
3946 5919
6966 5805
2868 3585
0 0
10339 11816
7986 1331
680 1020
6111 4753
2192 1644
850 5950
13950 7750
2844 1896
9870 7896
0 3288
1786 8930
5706 2853
480 640
5058 5058
9976 9976
7416 4944
0 3802
4272 2136
11034 3678
6184 0
9520 4080
486 972
1596 399
1938 5814
14680 5505
3956 15824
11112 11112
1412 706
0 1455
1624 3248
1393 12537
7200 1800
2708 5416
968 968
3378 8445
12800 11520
0 4730
5072 1902
17960 16164
2208 6624
0 11977
4182 2091
4572 0
1148 492
6597 5864
2100 3360
3284 4105
1710 6840
4005 13350
11520 4320
985 1576
3572 12502
0 3476
2718 6795
5744 4308
3618 1809
0 1081
1398 2796
4718 1348
3717 9912
0 4040
3016 1508
11840 5920
2190 6570
0 564
7092 12411
3470 6246
4392 14640
17200 3440
2972 4458
2576 11592
2331 777
0 2655
7716 1929
0 0
700 2800
1684 3368
5649 13181
9680 10890
7302 3651
468 3276
5763 5763
2144 2412
0 0
3963 9247
3600 8100
892 2676
5040 3920
8780 8780
3894 17523
6264 6960
8250 1650
782 782
3012 2008
2240 5600
1096 548
7845 0
2880 7200
2540 1016
2556 5112
19230 11538
992 744
7935 15870
12168 13520
5346 1782
3248 4872
3568 2230
1715 490
0 4785
6188 1547
7100 0
0 7520
6765 6765
6630 1105
3576 1192
2370 1896
5635 11270
7450 14900
3110 4665
18370 0
8856 9840
5190 1730
6948 13896
1370 274
11480 2296
4264 0
17850 12495
3012 4518
3534 4712
0 2170
10030 1003
5192 7788
3264 9792
0 7992
7357 10510
12481 16047
2270 4540
6924 6924
0 0
2714 4071
4482 3735
0 15993
5264 0
6272 784
14450 2890
1128 846
2650 6625
4440 2664
7707 11010
5175 5750
3531 2354
1503 835
4752 3168
2253 1502
3546 11820
690 690
1794 2093
3515 4921
1828 5484
1570 0
4320 3888
1000 1400
4851 16170
1701 6804
10210 5105
0 2496
1599 1599
10700 5350
498 3984
5024 628
0 12168
1320 6600
6687 0
4988 3741
5124 0
17960 1796
1918 548
0 2256
6388 4791
3655 2193
2464 704
1956 2934
881 3524
3780 1134
0 10431
1136 0
4900 2100
17800 0
348 2088
3220 3864
7560 3360
8554 1222
0 0
4228 1812
4665 0
535 535
1785 357
14550 1455
17892 11928
10242 2276
2172 543
7555 15110
17055 15160
5820 13580
4284 4760
7160 8950
8096 10120
1920 384
6430 0
0 0
8872 4436
1716 2574
11795 1685
1887 11322
2752 0
868 868
1205 0
3519 782
8200 1640
0 5565
9530 11436
4716 2096
292 0
8384 4192
0 10920
0 8885
4880 4880
3348 3720
3064 1915
3674 11022
6504 2168
12078 8052
4620 9240
10060 9054
3184 3582
3672 6120
16250 13000
1519 2170
3940 0
480 1200
13260 1326
1796 16164
5712 12852
5013 11697
2480 4960
3974 7948
4431 1266
10129 7235
0 16497
2898 8694
3000 1500
3298 6596
11840 9472
8325 3330
5068 5068
3165 5064
3136 1792
523 1046
3066 3066
2604 5208
3442 6884
0 5901
938 4690
7584 0
1683 0
1539 3078
2150 2580
0 3658
6730 673
0 2048
1404 2808
3288 9864
1864 2330
9220 922
17865 5955
7920 0
11394 7596
9171 1019
879 2051
0 3514
996 3984
0 17550
2500 0
5888 0
7864 5898
0 5646
1694 968
1590 5565
2295 1785
1799 16191
969 6783
1500 500
3524 8810
3279 8744
9245 1849
8316 4620
1017 5085
1650 0
5290 4232
3266 4899
7745 4647
1120 224
1724 5172
1724 0
4232 1587
8589 11043
4880 2928
8154 8154
4407 5876
4734 11046
3432 7722
5712 6528
3976 4544
0 890
1056 0
7740 7740
7740 9675
5382 5382
3367 2405
1092 3276
1794 0
6850 6165
6184 6957
0 1095
0 5558
1094 2735
961 5766
11898 5288
9192 1149
0 2650
12032 4512
2180 218
179 1074
13712 15426
11320 3396
2035 2849
2676 1338
440 0
9738 8656
5416 1354
4473 1917
7184 8082
1917 1917
218 109
5230 4707
4571 2612
2500 5000
16677 16677
9772 4188
15768 1752
1020 408
8994 0
4470 8046
17208 5736
1054 2108
3560 1068
1603 4809
0 0
4887 3801
5598 5598
1165 5825
572 2860
6975 6200
3484 7839
5814 11628
12360 4944
10216 6385
0 11914
11445 6540
4245 1415
6272 15680
1368 3078
0 8340
2808 3120
4596 0
13150 13150
3924 436
11250 15000
14184 7092
12951 8634
752 2256
3144 2096
580 4060
3906 3906
1984 6944
2432 2736
2060 1648
15399 1711
5180 10360
4193 5391
8704 2176
3016 1508
14250 0
4059 13530
8936 2234
2440 0
6648 11080
12350 9880
0 6380
299 2392
0 12187
2986 11944
6230 2670
4224 14080
1910 7640
2296 5166
1767 1767
1352 676
0 10683
2590 12950
4032 1512
670 2680
4362 1454
1767 4712
1438 0
1750 17500
1779 0
12089 6908
12330 1370
0 0
1908 4770
2384 2980
0 2432
975 6825
303 202
2352 0
5895 5895
0 6740
3360 5040
1563 4689
8680 0
8800 8800
2775 9250
1930 7720
2196 4392
0 7596
6730 4038
1798 1798
1922 13454
7330 5131
1963 11778
12320 11088
2784 12528
4720 2360
2852 4278
2086 894
0 17388
3755 751
2241 1992
15138 5046
9712 3642
1912 0
7876 9845
12523 10734
4592 3936
8676 964
3366 3366
0 8897
6475 2775
9744 9744
930 465
5700 8550
0 1825
3234 1848
13680 5130
6853 6853
4728 8274
936 1560
728 1274
9576 7980
4413 13239
7616 0
2280 2280
7287 7287
10134 16890
5085 5085
1844 3688
3240 3240
1689 2815
5400 0
0 8235
15120 9450
3132 12528
3059 3496
0 3855
5094 0
805 0
5065 8104
19590 7836
7045 14090
520 2080
5488 7056
4109 5870
16299 0
8496 6608
10600 3975
4527 503
11442 15256
6272 784
0 4848
5553 3085
7590 0
534 1602
3150 350
4804 3603
8320 10400
14247 1583
1920 1728
13130 10504
921 8289
0 18710
318 0
1426 1426
2916 7290
1335 10680
11628 9690
11634 13296
3558 5337
7098 7098
15970 4791
0 7955
1188 594
1827 522
2387 682
6930 4620
4008 6012
9745 19490
10458 17430
9162 6108
3570 3570
924 2156
3288 4932
8721 5814
9401 2686
10150 0
16450 0
9550 955
15912 7072
1882 5646
2294 8029
520 1040
2848 6408
14288 3572
5001 3334
2128 1862
17330 12131
0 2924
4620 3300
16450 11515
9720 0
2095 4190
12176 12176
1214 1214
9730 6811
344 1376
12490 7494
11556 10272
4368 6552
3606 1803
1491 13419
315 0
4812 0
0 6783
3910 6256
7555 15110
1951 15608
14752 11064
0 8424
9549 8488
1541 4623
0 314
7231 8264
7276 9095
10605 15150
3600 4800
1940 0
7398 7398
6950 5560
11544 5772
14904 1656
1508 5278
4149 2766
1486 7430
7620 5334
3568 1784
0 1598
3342 10026
2555 1533
8515 8515
4500 1500
0 0
8895 17790
651 1302
2448 816
7984 1996
972 1134
2346 6256
2163 3605
11880 15840
5532 2766
2862 1908
0 3730
9140 2742
1765 353
322 322
1467 163
5472 3648
0 3895
0 7651
5708 0
0 10719
1610 9660
12040 10320
4440 1776
10969 10969
0 7995
0 9355
4956 8673
0 1160
0 4938
2502 2502
7749 5166
9884 2824
0 11354
4380 0
11672 10213
1448 2172
2172 1810
7494 1249
10014 16690
2841 9470
5292 588
1549 4647
314 628
4872 8120
7086 0
1297 9079
13376 11704
17320 12124
744 5952
10050 8040
17370 10422
2650 4240
1246 7476
6036 13581
2415 1932
5901 4215
2261 1292
8100 2700
2226 2226
1824 14592
0 10944
1626 813
1311 2622
7749 1722
1297 1297
0 0
3050 305
19740 0
1128 3760
631 1262
5202 6936
442 1105
1926 2568
14640 14640
2340 468
14517 12904
17310 1731
6052 0
1485 11880
3356 2517
4923 13128
12213 8142
7441 1063
3819 3819
2936 2202
3441 3441
16902 0
9864 6165
7675 9210
9065 18130
3112 1556
0 2697
5046 8410
326 2282
2886 12987
2272 852
424 636
13910 6955
1005 1005
528 4752
840 945
10470 5235
15687 15687
380 1140
12719 3634
1269 3384
3402 5103
1830 0
8631 12330
4990 1497
4284 952
336 2688
7854 6545
5838 5838
5040 13440
2296 2296
14004 12448
3120 0
980 1120
8407 1201
747 249
0 12016
12705 0
15948 5316
3790 1895
0 2658
5064 0
12292 10536
8649 0
6797 7768
306 0
13518 7510
9760 17568
8880 11840
1052 1315
3792 3792
4827 12872
6363 0
12607 9005
2430 1458
1461 487
8388 5592
4566 2283
2648 7944
14080 10560
0 8080
10240 6144
11053 12632
0 16470
12750 6375
3213 3672
510 1190
5484 10968
5290 3174
0 3790
3950 790
842 0
7784 11120
7224 9030
256 640
5559 1853
8322 13870
7987 0
7980 1596
3770 377
1864 1398
789 2630
5004 5560
1387 12483
1414 4242
11632 11632
2148 3222
0 4590
946 4257
6025 12050
13728 5148
2412 0
4376 5470
5832 17496
9880 2470
5995 10791
912 456
436 654
8480 3392
2130 710
1844 3688
13512 5067
8463 9672
1714 13712
6181 6181
2702 5404
1634 8170
1544 7720
13160 5264
335 3350
17140 13712
0 4884
11160 1860
10014 1669
394 0
7430 7430
2856 0
19010 5703
3844 17298
10680 10680
962 5772
3050 305
19930 9965
2576 3312
1155 10395
3112 3501
6245 8743
3618 2412
1902 13314
6320 3160
1410 2350
18160 9080
4740 2370
15705 8725
3320 3735
556 278
7265 7265
4827 0
7248 3624
2610 6525
2949 5898
990 1155
7040 704
7218 7218
11067 6324
1183 8281
888 666
13328 15232
7400 0
10368 11664
6020 7224
2367 789
3402 3888
3160 7110
1098 244
0 9331
9688 3633
10540 3162
13797 0
11864 7415
7542 11313
6780 7910
3870 774
1060 1272
687 1145
5463 0
1168 7008
4224 4224
14904 9936
2280 912
2996 2996
8240 13184
2187 243
2192 10960
0 195
434 868
4089 9541
197 591
1569 0
1360 1360
9456 9456
0 14936
1636 4908
1092 4368
0 7515
8322 13870
3145 6290
7690 6921
0 0
5200 1300
0 7496
1253 1790
0 10310
9755 9755
3618 2412
1010 4545
2456 7368
188 1880
3815 3815
13248 6624
1586 6344
2938 14690
3942 3504
9690 15504
2992 2992
3912 3912
15720 9432
10554 5277
970 1746
9438 12584
860 0
12366 0
3752 5628
5088 5088
0 10068
11904 11904
1945 11670
6435 2574
1312 1640
6850 3425
1240 6200
11319 1617
1050 840
2268 0
4032 2688
4856 2428
1425 14250
966 1288
2375 2375
6224 7002
5469 18230
888 333
994 4473
10530 2340
4794 14382
16640 4992
9306 7755
14736 3684
10409 11896
10242 5690
0 232
3474 3474
0 3976
1468 734
1903 1903
12696 12696
8895 10674
1944 1944
6340 8876
12879 1431
0 6219
2964 4446
4959 9918
149 1490
1068 1335
1666 6664
6849 5327
15096 5661
9114 9114
10572 1762
7835 15670
4914 6318
3960 3465
13192 4947
10968 13710
7420 11872
11628 5168
870 580
18190 0
4530 3624
0 3120
2432 1216
14900 1490
1192 298
1446 5784
828 0
1425 12825
6104 872
0 4836
16380 14742
6385 3831
3780 1260
1888 11328
276 552
7415 14830
0 2154
4926 0
8555 6844
0 2274
4215 7587
5850 4095
1188 2376
6364 15910
0 3734
0 16011
13150 5260
8596 8596
9522 0
2817 9390
9625 12375
6300 11025
11790 5240
1693 5079
0 12339
0 3440
0 4620
330 1320
7895 7895
6600 1320
0 8928
2126 8504
10134 0
10920 5460
1788 4470
424 636
3185 455
9392 9392
9414 3138
2220 5550
0 975
1181 4724
3639 3639
6176 5404
6245 0
5624 11248
2740 274
521 0
3098 7745
0 3290
0 1146
4630 9260
120 360
2744 3430
0 7456
0 2042
2439 2439
7625 6100
3515 1406
11532 11532
8296 0
1302 11718
3516 1758
2367 4734
4650 775
2576 5152
8935 0
7236 6432
0 4740
9850 11820
4064 2540
4080 4080
4040 4040
3456 3024
6258 0
740 5180
12090 12090
6676 1669
1734 1156
1458 648
3876 5814
1549 0
7320 9150
9392 7044
11893 8495
5592 18640
11440 4576
9842 5624
3714 4952
0 0
4140 2760
358 1074
3140 7850
2952 3321
12890 11601
12696 4761
902 9020
886 1772
1674 5022
2696 2696
14352 7176
596 0
1460 0
14050 4215
5054 0
6660 5180
10626 8855
11824 14780
13788 0
4696 5870
3266 4899
2877 0
5803 4145
0 1236
7332 4888
3044 1522
564 564
1368 342
6408 6408
7880 4925
3032 379
2107 2107
3880 9700
865 1384
12390 12390
0 18660
3717 1593
5655 11310
9108 0
375 1000
1558 7011
5796 4968
7260 14520
1445 2601
13083 9345
4760 0
9672 6448
15600 9750
1732 2598
9128 11410
1546 7730
2980 2384
10444 11936
4136 7238
0 1329
4662 10878
10644 5322
362 1267
0 1431
2628 9198
4218 2812
10002 8335
720 4320
9912 9912
3525 2115
1141 9128
12824 16488
3903 7806
5088 8480
4670 4670
4836 10881
0 15894
1920 960
6471 2157
1410 705
2176 1088
5528 12438
908 1816
7828 15656
6136 5369
1450 11600
970 4850
5744 10052
10752 10752
1146 2674
4206 14020
8950 16110
4090 2863
0 10395
3420 1140
3778 11334
996 249
1048 1572
12649 16263
0 944
2416 2718
1037 9333
3024 4536
4395 14650
17604 0
0 11320
1055 2110
3144 2096
12294 9562
6024 6024
1162 5229
10104 5052
6435 11583
10576 5288
3594 4792
3528 7056
4815 535
3393 1131
18750 13125
3820 764
486 3888
1068 1068
15480 13932
1260 140
1418 2127
1352 1352
7188 8985
4728 7880
6954 4636
9450 4050
2776 9716
9225 9225
15820 9492
741 741
346 173
5655 1131
1227 2454
3000 0
341 2387
3960 0
14472 12663
11844 0
0 3492
11106 14808
6632 3316
6960 8352
1240 1860
3186 2478
4704 9408
12320 4928
11326 8090
1461 10227
4932 3836
7490 5992
2576 368
11772 2616
8421 8421
8500 1700
7848 17658
3692 11076
4780 4780
1306 1959
11984 1712
0 609
7924 7924
14890 14890
0 5080
3918 4571
1452 3630
0 1098
4020 5628
6812 13624
11814 11814
6813 7570
758 0
3435 2290
905 905
2642 1321
5040 1260
7104 7104
6132 3504
4545 9090
5548 1387
13536 12032
524 917
1478 2217
0 4536
8658 5772
4917 4917
13916 9940
2400 2700
2108 3162
596 0
2289 654
17001 3778
1638 8190
6300 3600
1863 0
5448 5448
3285 10950
6136 0
394 2758
15633 8685
1911 2457
7844 13727
8355 0
1407 12663
2246 2246
4500 3600
1593 5310
3480 4176
11778 13741
0 680
6952 5214
2315 4630
6636 11060
2168 0
1796 8980
2440 1525
0 5748
4644 4644
1746 6984
0 819
4830 0
372 1240
1497 8982
510 2550
0 17532
758 379
2290 0
0 4896
5185 4148
10032 5016
10788 14384
3294 0
452 2712
5067 4504
12168 12168
5620 11240
0 7182
10340 2068
0 7398
11753 15111
2632 329
17001 3778
4062 1354
3801 11403
1402 9814
5640 0
2547 849
5988 2994
6828 15363
8050 2415
2990 299
1558 4674
1002 501
5208 7812
296 592
7105 1015
384 1152
7533 7533
10161 9032
3460 4325
1647 3294
3452 863
5346 5346
3310 6620
2106 2808
0 2158
15270 15270
8659 1237
2828 808
16720 1672
5745 1149
9810 3270
4671 3633
2612 5877
2330 233
5454 6060
1112 1112
1182 1970
745 1043
3824 9560
1473 11784
5726 3272
3528 1008
0 2988
8826 4413
743 6687
15544 17487
3742 16839
5792 5792
1852 9260
7378 8432
5285 1510
9064 9064
14130 8478
7336 6419
2512 1256
1267 543
17620 7048
0 5607
0 0
2025 6750
0 6196
5892 13257
6428 1607
9044 0
5220 12180
8450 11830
3058 7645
7700 0
15552 5184
17460 17460
2418 0
3822 9555
2934 978
9150 14640
7893 7016
0 0
5190 6055
5200 0
7312 0
11736 13692
19450 3890
0 7740
4035 2421
580 290
133 0
5685 3790
756 6048
5634 5634
0 2808
0 9072
0 16720
1640 3280
858 429
8220 6850
12192 9144
232 0
3832 4790
3608 3608
2124 0
3936 4920
4760 5950
1585 2536
1452 13068
12408 4653
8586 7632
289 2890
1047 3141
11424 14280
7545 13581
5280 15840
3974 0
9296 0
6750 4050
1288 161
15560 6224
1912 19120
10818 14424
0 9054
3038 3038
3479 994
0 1640
4077 4077
3025 0
6876 13752
14841 16490
6937 5946
5245 9441
0 2280
6492 2164
4195 2517
10668 1524
11790 10611
6790 2716
735 588
8045 1609
11664 4374
2646 1764
5971 853
8808 4404
1772 15948
4085 1634
5308 6635
0 2349
2258 10161
2908 14540
1044 2784
15016 18770
0 17820
4240 8480
0 4308
6132 13797
1091 9819
4920 2952
5910 985
1828 0
3020 2416
1742 5226
980 5880
0 7490
12051 1339
6375 6375
8345 16690
1375 11000
4884 1221
5856 4880
8337 8337
3348 2232
2920 584
5370 5370
276 0
7300 1825
2430 0
0 18040
793 7930
3785 3785
6424 16060
1270 8890
0 5715
0 10480
3690 1476
13727 19610
0 9525
9189 4084
288 1152
0 6504
5624 5624
0 4503
0 2786
0 5831
6928 10392
1628 814
5067 1689
1366 1366
1300 1300
16520 9912
2706 2706
8582 7356
4293 14310
3898 1949
4032 1728
2697 2697
6966 5805
5220 4698
3105 3726
4257 473
0 9709
4320 2880
9828 7644
15016 5631
13340 2668
2988 2988
6447 7368
2307 2307
0 3686
18380 16542
3438 0
0 6776
4115 823
0 8840
8504 4252
6894 3447
1343 10744
7245 3105
0 4740
16420 11494
2778 2778
2130 0
4256 1064
696 348
4508 644
2560 256
2034 339
11526 9605
1632 1224
12568 14139
7075 14150
5752 6471
11592 11592
10308 15462
5480 2192
810 810
10752 1792
244 732
4122 4122
0 5100
11538 5128
4220 2532
0 0
0 11840
7235 11576
0 1617
140 1260
5904 0
7195 0
8552 5345
1034 1551
10948 10948
3272 2863
2518 6295
12420 3726
0 0
2545 5090
9725 1945
5322 14192
304 152
7924 15848
4032 1344
0 0
7312 5484
830 3320
7824 6846
3805 3805
1584 7920
0 2348
2066 1033
8883 6909
0 3986
13140 2628
2468 4936
0 4008
13635 9090
2280 2052
9856 3696
8898 8898
880 220
5352 12042
12520 3756
8550 10260
0 532
9597 6855
5660 7075
3798 13293
1713 2284
9390 18780
17172 9540
6208 3880
10848 10848
1506 0
10840 9485
3170 0
435 435
5760 2880
440 880
7730 7730
0 7056
2452 12260
4752 9504
6656 7488
1308 436
0 7375
0 5456
5000 11250
14625 0
0 1386
5946 19820
0 7040
2656 0
4533 1511
7659 2553
7050 4700
3438 11460
2490 1992
4525 5430
7144 17860
9695 3878
9006 15010
3384 5076
15516 3448
6921 769
16520 11564
272 952
5315 7441
3894 9735
10656 6660
3514 0
1824 3648
296 592
1349 10792
4916 7374
8610 15498
1176 672
14310 11130
3572 1786
14895 14895
1616 16160
0 3914
2360 5310
8240 8240
2492 712
2511 1116
6080 13680
7605 2535
4554 3542
12357 13730
5481 2349
553 2212
722 1083
10962 14616
2130 7455
1853 16677
0 0
6186 10310
6498 9747
5216 1956
0 3060
2240 2800
798 266
9360 9360
7185 8622
10836 9632
0 1296
11592 19320
2012 5030
7760 2910
2432 2736
3017 1724
9149 11763
9324 2072
0 5370
18370 18370
9162 7635
6475 8325
1524 2286
8547 3663
554 277
9162 4072
1960 0
1080 216
3486 1494
3138 3138
2616 3052
5754 5754
0 5870
3496 3933
2442 12210
0 0
1932 966
6948 2316
856 0
17280 5184
11752 14690
1350 1575
2760 3450
12276 1364
11943 10616
13664 1708
11438 6536
1789 14312
4580 5725
2430 972
238 1190
5272 3295
1899 0
6800 2040
5380 0
4059 0
7847 5605
7736 1934
3784 1892
5775 0
2528 632
2061 6183
5484 3656
5187 0
1974 282
1155 495
2572 1286
2770 4432
10850 2170
958 2395
2638 3957
764 1146
10129 4341
9665 5799
4620 12320
6540 16350
4824 603
3924 11772
997 4985
0 3132
3856 11568
2225 0
464 0
4650 6200
1988 2982
11445 3270
4046 2890
9205 0
2780 6950
3460 692
3702 3702
13806 10738
5736 14340
2754 918
254 762
8270 13232
1376 4816
6912 1536
16677 12971
0 8834
3166 9498
878 7902
7920 9900
0 1000
1944 1080
7548 6290
1001 0
9639 10710
8050 4830
506 506
11970 7182
6384 8208
3384 5076
6147 2049
1160 696
3840 5120
13797 0
4664 5247
15040 1504
1736 744
1060 742
3752 1876
4779 15930
4272 0
3672 0
1935 2709
2528 316
4779 6372
1320 264
1860 930
0 3814
10856 13570
2940 1960
0 7208
0 4683
10233 6822
11800 1180
620 2480
3486 4980
910 6370
16600 16600
1104 966
0 0
1476 1722
5442 12698
8425 3370
12411 10638
6752 4220
12096 1728
802 1604
0 8768
13615 19450
2490 2241
938 1206
4695 5634
15470 4641
12105 10760
8584 1073
8976 0
1983 3305
1284 3852
14085 14085
12000 2400
18900 7560
1755 15795
8880 11840
1050 210
1326 3978
1755 1560
1746 1746
14742 11466
9688 6920
1118 2236
6820 1705
5530 1106
596 596
5815 5815
3738 11214
0 7968
708 2832
13284 2952
5454 6363
0 4795
1189 8323
14256 15840
6316 11053
13424 11746
7684 15368
1284 5778
1836 7344
2990 0
832 0
1662 1939
2968 3339
3712 6496
5628 4690
5490 1098
11340 3402
8764 1252
6624 0
5034 5034
8408 2102
1832 7328
8040 2412
7115 9961
2970 4455
0 1458
3080 6160
5376 0
3860 0
19310 7724
5796 6440
1208 604
4655 6650
0 3812
4640 3480
1330 2660
1713 3426
7340 2936
2065 2478
13510 1351
8120 1160
9145 10974
13027 1861
1872 4992
4320 6480
3012 0
4604 9208
1972 1479
552 1242
1906 0
12453 0
16490 4947
11046 9205
1576 14184
9948 9948
4518 3765
16893 18770
0 822
2560 3200
376 3384
0 0
3897 10392
5650 6780
1054 0
736 1656
7280 0
7658 1094
776 1940
1966 5898
1552 0
7304 14608
6348 1058
5472 7296
17870 0
572 1716
1956 13692
1820 3185
8424 4680
2385 3816
8302 0
6433 919
2432 3648
10554 3518
3852 4280
0 795
5082 3388
9684 5380
7824 8802
3657 3657
14250 7125
5784 10122
7888 1972
5945 1189
6872 0
11326 0
6810 2724
9528 10719
846 4230
2696 3033
1001 0
7080 2655
886 2658
1352 1521
11326 0
6520 3260
0 1141
1340 804
13400 13400
15710 3142
1388 9716
2217 2956
242 968
0 9180
6120 1530
1906 4765
1392 11136
0 0
5931 5931
3136 7056
17050 6820
240 840
1146 1146
6720 6720
3857 5510
0 12544
5148 1144
3008 376
3592 1796
4656 6208
1140 1140
9200 1840
1673 0
17250 15525
752 2256
8480 848
1070 1605
7315 9405
12733 16371
1568 3136
4208 0
6964 10446
13832 7904
1506 4016
0 6944
552 414
7380 8856
2548 0
1640 0
1333 0
15056 15056
2375 1900
406 1218
5244 4370
7840 9800
2200 1375
3624 0
1152 640
3170 6340
828 414
14720 2944
4473 7455
3920 1960
7350 6615
0 0
221 1105
4377 7295
0 1650
317 634
1532 6894
1065 426
3682 3682
472 1180
2110 2110
12780 0
3268 3268
13040 9128
10656 7104
979 3916
15732 6992
4716 4716
500 300
1624 6496
6530 2612
13352 5007
2500 2500
1989 1547
0 2460
744 1302
0 0
1854 6180
1287 0
1616 16160
2620 0
10620 1770
10280 8224
3568 4014
0 1380
1328 6640
1475 590
10665 7110
3556 508
464 696
0 203
5868 0
1388 6246
2992 14960
1569 2092
1582 1582
0 746
4521 0
1507 12056
9120 7600
3232 1616
3730 6714
15470 4641
9480 11850
1920 960
1824 2280
7488 8736
7344 2448
10134 0
5166 4428
6755 1930
2170 217
10476 15714
7290 5832
11736 11736
0 1350
2756 11024
1690 6760
6970 1394
0 4925
5000 9000
11746 15102
6240 3900
8328 12492
10052 1436
5655 10179
5024 1256
7530 7530
9360 9360
2397 1598
11872 13356
12320 13860
0 8500
9080 8172
2710 1626
3690 3690
0 11242
1521 0
4320 432
990 990
4045 5663
1828 3656
5212 2606
5745 5745
15230 0
2676 2676
5072 5706
2292 3438
19350 0
11760 1960
10820 9738
9162 3054
1015 7105
590 4130
2720 10880
225 0
696 0
9590 1918
11235 14445
12699 11288
10510 10510
6216 4440
1476 984
16770 11739
5080 6350
15072 7536
428 749
2304 3840
5230 3138
8010 3204
6612 4959
2965 4151
0 3376
16220 3244
1263 1684
1212 1212
4446 0
0 3468
3003 0
610 3660
5052 8420
13635 13635
11790 3930
5384 1346
3376 4220
552 1104
0 12130
7848 0
2130 1775
4965 3972
9048 3393
4730 946
4432 6648
1486 14860
2810 281
4038 9422
631 631
12360 0
0 187
3224 3224
0 975
3248 0
0 728
11460 9550
14400 14400
1449 1127
2890 8670
1566 1305
2511 1395
10480 13100
4370 3059
2226 2544
5465 0
1366 13660
2908 2181
0 960
1139 4556
7884 1971
3710 2968
0 1230
1820 12740
12390 10620
11610 5805
13320 10656
8214 0
2586 1724
3202 11207
4314 5752
2214 8856
2950 590
2943 1308
12957 7404
7392 0
7056 5488
0 1164
2480 2170
2348 3522
3486 10458
9336 10892
3492 3492
8640 5184
15372 0
5355 7650
6186 0
6030 4020
6720 2688
2516 12580
0 9520
1897 2168
5328 3552
2940 13230
2100 5250
1178 4123
1722 1722
1692 0
0 9430
6356 5448
562 3934
0 824
1140 1900
2838 7568
2163 1545
4960 8928
2730 273
5840 2336
5259 1753
7950 4770
3340 2004
4983 6644
0 7910
3776 2360
16720 11704
3024 3402
5112 6816
674 4718
2871 4785
1575 900
3367 1443
0 5345
709 1418
14192 15966
5148 572
10878 7252
8142 10856
10938 9115
315 840
10311 4419
2868 2868
0 3445
1260 2520
8512 10944
444 666
7904 0
17388 7728
12609 5604
7410 2964
5408 0
1778 3556
5622 7496
1819 7276
14640 0
510 0
8370 6975
1674 2232
1243 1243
7868 15736
2640 5280
13992 3498
2992 0
0 4821
18970 7588
14060 14060
2806 0
0 0
17829 0
4608 2048
0 9042
19260 1926
5408 4056
1580 7110
738 2214
1071 306
3256 1628
981 981
8420 16840
7725 10815
989 3956
7125 0
968 0
755 1510
464 0
1222 10998
10935 6075
1650 5500
6610 0
1824 5472
8430 7587
8676 5784
15560 13615
2775 6475
714 0
5046 2523
2476 5571
13288 6644
7497 4165
2345 1675
1512 1323
0 13710
1076 5380
1210 3025
4671 0
4740 11850
1206 402
5916 8874
9693 9693
6072 8096
946 1419
10710 13770
11727 7818
9450 0
9560 13384
5922 8883
5552 8328
9142 0
6126 7147
1902 2853
5040 1680
2745 1830
0 2964
11610 12900
5090 6108
5285 4530
6608 4956
315 945
0 1848
13536 3384
900 225
1163 6978
4050 900
5751 7668
3460 0
6848 13696
1654 9924
12936 14784
5356 8034
3003 1716
5487 0
7929 3524
1561 669
1691 8455
0 7685
19470 3894
648 1296
3528 3528
16056 17840
8850 14750
3948 0
4878 542
2961 846
3405 3405
12070 9656
4080 4896
11274 0
1395 155
2106 2340
17310 17310
13086 8724
5675 4540
0 3231
3272 4908
8384 7336
0 10104
5988 7984
1128 846
1582 1582
489 1467
13446 4482
6660 2664
5637 13153
17570 1757
764 764
0 1638
9516 0
0 7150
3382 0
596 1490
2744 3136
5280 7920
3693 3693
4281 1427
2910 7275
4035 1345
1190 952
2652 3978
2155 431
3704 1852
7232 1808
874 1748
1485 10395
4536 0
0 1962
0 650
3408 3976
1808 0
535 3210
2367 2367
502 1255
7675 7675
8832 0
0 0
0 1165
807 8070
10654 10654
346 346
547 2188
12627 0
7724 19310
8830 883
2350 0
4350 4350
5838 7784
4158 1386
4146 5528
5110 511
1349 2698
8050 2415
6552 7644
636 1696
7368 4605
240 2400
2655 3186
4116 5488
13707 0
174 0
390 1170
669 2676
0 3130
9845 3938
289 2023
1730 1730
9592 4796
0 9112
0 9800
0 5742
0 4374
6474 0
2825 3955
1533 1533
2590 2590
2150 8600
2856 4284
1416 1416
0 2920
0 11630
0 1318
7399 1057
0 0
0 12880
4200 0
4740 3160
6480 12960
1782 1188
12551 3586
0 3532
500 2500
3708 8652
13223 9445
0 1003
5301 5890
9275 10600
4698 0
700 800
2840 568
6900 1380
3948 15792
6624 4968
2608 1956
877 0
2582 1291
5460 4368
1120 1260
2151 956
0 5288
325 3250
858 1287
1424 7120
7658 0
0 6744
698 3141
1635 2725
3618 12663
6435 9009
486 486
715 0
966 1932
3453 3453
3997 1142
3460 6920
3660 1464
5092 1273
16542 5514
2085 1390
805 7245
716 716
12672 3168
1344 10752
13936 13936
4684 4684
274 2740
18270 7308
7080 3540
2763 7368
2396 5990
5787 0
0 1180
12160 12160
3168 0
8780 5268
4788 3192
2708 1354
0 4320
2146 8584
5616 6552
8631 6165
12138 0
934 1868
2154 6462
3198 0
19650 1965
3472 6944
1435 0
2232 1488
5991 3994
6540 1635
815 4890
1068 4272
2220 740
3684 3684
412 309
5940 1782
0 11432
8172 5448
6915 5532
3832 5748
12904 0
4912 3684
7995 9594
1770 5900
6498 5054
5634 9390
622 311
2032 9144
2460 2460
8570 6856
6704 1676
4623 0
0 3906
9575 11490
8406 0
1950 6500
14868 4956
1231 12310
1584 4752
2808 2184
13960 9772
1180 1652
13741 13741
11664 12960
4102 2930
6010 1202
4630 926
800 500
5076 7614
2892 4820
13600 6800
2520 1890
496 744
10809 1201
738 1107
12672 11088
2736 4560
6727 5766
6240 7800
4290 2145
14373 3194
6010 9616
326 1467
0 13153
6552 1092
3618 9045
0 5620
1890 1890
0 8570
0 10808
6832 4270
4359 10171
8838 13257
14136 3534
14436 1604
5055 5055
946 1419
0 438
9315 1863
1905 0
990 3465
0 11704
2536 6340
14008 12257
4026 0
948 8532
0 3279
5292 3780
2572 1286
7390 10346
698 4188
5260 5260
13390 6695
9924 9924
17496 19440
868 248
6112 7640
4095 455
3020 9060
3614 14456
0 2124
4896 816
7340 5505
2168 3252
2732 1366
11136 6960
566 283
3324 8864
8248 6186
6335 2534
4320 0
0 501
572 858
7776 1944
1632 408
2379 7930
13272 3318
1918 4795
539 2695
4230 7614
1512 2646
2572 9002
957 1914
14264 17830
3048 3810
9464 10647
0 13448
14690 4407
14488 9055
5094 2264
16700 6680
3552 2220
5064 1688
11010 0
4976 5598
11079 9848
6174 3528
15816 15816
1573 11011
2838 9460
5598 6531
3400 850
2234 11170
5705 6520
5121 17070
12232 12232
0 6320
19920 0
0 0
12240 6120
3890 778
14085 1565
6654 4436
11123 11123
7895 9474
14913 6628
961 2883
14600 2920
10456 11763
872 3488
3104 3104
8600 10320
9300 2790
3879 4310
3945 0
0 1200
10824 16236
13545 6020
5257 6759
3912 4890
1700 0
3280 0
0 3474
2043 0
1198 3594
5474 1564
8350 16700
8928 11904
4707 9414
6300 1260
0 2250
2496 12480
9192 6894
6156 1539
18960 15168
10458 0
8470 8470
5145 1715
3160 4740
8718 11624
7005 2802
13700 12330
1260 4410
2520 2160
1591 15910
7080 1416
17430 8715
13594 15536
2366 7098
1145 1374
2704 2366
1269 987
738 492
13338 10374
2145 2574
3129 0
3234 12936
1315 1315
1744 6104
9110 5466
1248 1872
6300 12600
8577 6671
1518 6072
3306 1653
8320 1040
3815 3052
5632 0
9610 11532
13464 14960
5192 4543
6180 9270
7176 0
1493 8958
5412 12628
712 5696
1058 3174
6248 12496
9576 2394
4608 3072
4410 3780
3278 11473
4440 2220
376 0
5706 1902
770 0
6588 0
15720 11004
1643 14787
5187 13832
5696 4984
3958 7916
3330 4995
8799 0
3040 0
0 2044
17046 1894
11421 12690
2155 3017
7185 10059
5202 0
3934 17703
11700 7020
9072 1008
0 11574
796 597
3964 6937
6520 1956
15040 15040
0 0
1730 4325
2588 5823
0 0
1886 13202
4206 2804
7536 13188
10408 0
15894 1766
4300 8600
722 4332
0 1356
0 3030
9730 8757
16610 14949
945 1701
3065 4904
7614 7614
1104 2944
5978 3416
5244 1311
14976 1664
2826 14130
15136 0
13706 19580
4492 3369
7555 12088
0 2511
7425 4950
0 0
468 1872
3698 1849
7544 15088
4494 1926
5680 9940
12726 1818
10992 7328
12240 8160
7172 8965
14416 14416
1000 1600
10800 9450
2840 2130
6039 6039
5088 3392
9711 3237
1778 0
5688 2528
4266 1422
3408 13632
11340 6300
3576 2384
3168 3168
3678 5517
357 3213
0 2590
16911 15032
0 10206
5640 8460
9351 6234
18820 7528
458 4580
3150 4500
4380 10220
854 854
13080 0
3855 11565
1392 1392
774 0
7587 843
0 15928
870 1218
2200 6600
3864 8694
1864 2796
8864 6648
608 1824
2324 11620
12210 2442
5770 4616
2022 5392
9675 1075
1632 5440
1329 443
6797 6797
423 2538
2776 1388
3972 6951
3703 3703
392 1372
7635 15270
0 3627
3808 952
12761 14584
3564 0
1554 777
14376 10782
9510 8559
13293 5908
436 1090
2256 2256
8530 17060
8865 8865
0 13902
6688 15048
5376 3840
3080 770
4275 9975
17775 9875
1922 6727
526 3682
6710 5368
970 5820
1015 145
0 10092
5820 17460
908 1362
4480 5120
6276 0
296 0
1809 1809
0 131
1382 13820
0 794
8176 8176
0 3368
2448 0
608 608
1868 934
0 838
9304 4652
10848 9492
6604 0
17406 17406
18580 5574
5916 11832
5492 1373
7280 7280
1620 1296
1288 805
4024 1006
7208 6307
6482 0
3409 1461
3082 10787
1650 825
713 2852
4800 1600
4257 0
3345 669
0 7602
1550 6200
837 7533
244 854
11748 3916
8275 3310
7882 2252
11808 5904
3842 5763
9036 7028
14344 1793
3042 13689
1052 1841
2048 0
0 2750
10030 3009
7458 8701
6088 7610
1150 5750
1170 390
9755 1951
0 3472
12744 4779
3974 19870
2048 8192
10224 3408
4533 4533
8484 1212
11886 0
1836 0
1470 4410
6840 6840
0 5286
8825 14120
7584 6636
1826 5478
15072 18840
11473 14751
0 13279
8432 10540
2970 14850
740 1480
924 1188
6768 2256
3988 1994
1394 4879
1070 1070
7256 2721
1137 1516
3531 9416
6924 11540
1936 1936
12080 9664
13610 9527
2781 1236
1785 3213
928 464
0 2730
155 0
2355 2826
0 11130
6360 1272
1358 4074
8280 8280
19340 3868
0 738
3288 5480
7900 7900
7903 11290
2448 1836
0 4875
5432 3104
0 4710
630 315
2854 11416
7210 8652
4281 4281
2359 3033
4530 9060
6850 5480
4304 3228
0 4560
0 2376
1208 2416
975 9750
8974 1282
5490 14640
3237 7553
1802 1802
9198 3066
3789 1263
1280 11520
8208 9234
6855 8226
9280 9280
1735 13880
2838 1419
0 454
2888 7220
2370 1580
7710 3084
626 2504
5205 13880
0 14000
12942 11504
12103 17290
10584 11907
0 4692
2860 5720
14931 3318
10932 5466
14328 16119
3521 0
0 3405
19080 3816
2960 3330
2672 10688
4090 2454
450 2250
0 1356
1048 524
927 2781
7448 0
3006 9018
412 3708
0 6804
8722 6230
1416 354
5885 7062
5442 4535
1980 9900
2056 6168
1854 1854
2130 1491
19540 15632
0 3921
2700 540
8370 8370
15291 5097
2886 0
3108 7252
4080 2040
4240 2120
4809 16030
5346 8910
4944 6592
1170 1170
4719 14157
14640 8784
17820 15840
4794 1598
11097 7398
14769 0
1460 730
3428 10284
3970 3970
4380 9855
6671 6671
0 3621
11354 6488
1518 2024
1410 11280
6399 2844
3608 2706
1131 2639
0 2216
15888 19860
3640 4160
11728 5864
12552 1569
17451 0
0 648
8745 15741
0 0
11942 15354
13258 13258
0 3876
1933 3866
10521 4676
2439 7317
0 12145
0 2248
861 2583
3264 6528
15680 17640
438 0
2805 7480
1392 4176
2682 4023
5523 5523
0 1974
13689 0
16240 8120
16659 11106
3012 1506
3908 6839
7185 2874
0 11056
13923 0
16488 14656
12267 1363
1743 2324
6342 10570
7794 1299
3134 1567
8210 0
8748 8748
8850 7080
4326 4326
9345 0
1855 3710
1379 788
2874 4311
0 15948
6252 5210
2502 1668
0 3464
10272 3424
11896 7435
3770 3393
0 729
3845 3076
168 168
358 1074
6252 0
18680 1868
8802 6846
1386 1386
9401 1343
3108 9324
9516 4758
3528 4410
0 13041
9520 9520
0 7124
1985 19850
11610 3483
9317 5324
6678 742
11660 11660
7000 17500
529 3174
1950 5850
0 1240
7987 5705
2757 2757
7326 0
7362 6135
939 1565
11152 8364
11796 11796
0 586
896 896
0 14346
1226 3678
5020 3514
864 2160
4386 7310
0 6912
7924 9905
4910 6874
3516 3516
18110 14488
525 945
12780 5112
9680 17424
3386 0
10104 5052
16218 0
5537 1582
12453 8895
11376 7584
463 0
10332 3444
2074 7259
1236 1545
7164 7164
3288 14796
8550 5700
11242 9636
1560 0
9615 5769
18730 14984
5928 7904
1552 776
6468 4620
3440 0
0 8682
832 0
824 1648
10350 5750
18080 10848
2138 0
13725 13725
799 7191
5768 1442
12656 12656
1999 17991
1096 548
0 3478
800 7200
5815 3489
0 1092
11080 6648
1464 4392
11669 1667
3320 14940
3375 7875
1994 5982
1444 12996
10431 8113
5337 0
5340 12015
7392 7392
1764 1764
1124 11240
4110 6165
9140 16452
2064 2752
8358 7164
11095 15850
5894 842
1044 1740
9688 0
3206 16030
0 1348
6470 1941
7510 13518
1718 5154
9135 7830
0 3136
8110 9732
7355 7355
642 3210
4314 0
3816 2544
16660 4998
5124 5856
10870 2174
5634 0
644 644
13321 3806
0 6960
710 4970
4992 11648
9680 8470
15540 1554
826 413
5728 2864
2054 2054
5661 1887
6804 8505
3350 5360
17181 9545
10836 9288
4176 8352
0 780
1002 2672
3084 9252
9120 4560
6580 3290
13090 1870
5764 12969
0 5112
12440 0
4695 9390
8920 3568
0 450
14985 11655
10910 5455
1905 15240
11196 4976
10096 0
2032 4064
1570 1570
19170 3834
1215 810
0 5504
1478 1478
10423 1489
1943 3886
0 8528
3246 14607
3264 0
0 1956
0 7335
3222 11277
0 5200
3090 5150
0 12510
2014 10070
5319 5319
1604 9624
3810 3810
1350 4050
4770 0
3852 0
4791 7985
0 11680
4743 1581
0 1190
3960 4752
4134 8268
2150 1720
17960 1796
16880 15192
10280 1285
0 11676
15664 1958
1053 702
0 1495
11376 5688
4725 2025
4795 6713
1884 4710
5724 7632
7693 9891
1084 10840
18040 9020
0 1899
11745 2610
9235 12929
3574 0
5888 0
3252 813
4320 6912
237 711
12591 4197
12978 4326
317 1902
2808 2808
627 0
0 8181
3298 0
3890 2334
6110 611
6332 4749
4671 3633
5859 0
561 1870
734 2202
0 0
10260 10260
5958 6951
12306 14064
0 17310
0 12761
4296 6444
0 0
6844 0
335 2680
5735 3441
3480 11600
9632 3612
5487 10974
0 8106
7905 7905
2590 2072
10902 18170
16170 12936
1008 126
6048 6048
2882 8646
7804 13657
14690 5876
1947 11682
3300 0
8739 1942
497 3479
13648 17060
8892 2964
8267 5905
1962 1308
5868 2608
9138 13707
4466 1914
7581 10830
4266 2844
10134 10134
0 8316
0 10626
10467 6978
12970 5188
3486 12201
0 5880
6420 4815
14744 5529
7344 16524
489 489
4130 2478
1674 4464
9352 6680
18990 7596
3880 4850
5748 5748
7692 0
5536 4152
10560 8448
4676 4008
0 5655
9930 0
10302 6868
6640 1328
7362 3681
3006 334
15420 12336
9330 9330
15264 3392
3582 12537
12019 13736
12240 7650
3308 13232
2565 2052
4760 595
5862 977
472 0
1646 3292
1263 5052
12630 6315
0 9570
2080 4160
6464 6464
284 568
9180 18360
2255 902
0 3510
992 992
885 2065
0 1865
4780 2390
7696 8658
12195 5420
5372 9401
1366 683
13536 15228
3214 16070
4536 3402
9709 11096
3850 770
1610 805
3411 4548
9880 0
15381 6836
7050 5640
3262 1631
2045 0
15390 0
9436 8088
1594 3188
9588 7990
8150 4890
0 3426
7080 7080
4038 6730
1550 620
15080 1508
0 11375
1567 1567
15384 11538
1617 16170
870 435
696 696
886 886
0 5856
9093 7794
2511 5859
456 1824
12663 14070
1266 1266
10720 9648
15660 10440
0 8950
950 1900
13290 5316
4578 6104
0 8742
0 13970
1444 1444
4821 1607
10300 9270
242 0
6268 6268
15576 11682
1536 12288
11760 19600
4928 6160
362 724
1736 1736
0 6970
9624 10827
1719 1146
13690 9583
5052 15156
6320 1896
2048 512
7095 11352
4720 2360
1630 4075
1930 386
8235 13176
2096 4716
8170 5719
820 410
9928 7446
1976 4446
2740 4384
5558 0
2688 1344
1709 3418
470 235
11210 3363
2065 2891
7734 0
2382 5955
8208 1026
5930 3558
15088 5658
9272 0
2164 1082
3348 1860
17700 10620
1888 1888
7445 0
4941 3294
5019 4302
388 582
10192 5096
11976 19960
1311 3933
1632 6528
6510 3255
0 1772
3100 6200
906 3624
2896 2896
11592 11592
1728 1728
3012 6024
2810 0
10619 3034
3710 742
1657 6628
9080 1816
1822 0
9639 5508
7244 18110
3388 11858
1768 1105
0 2548
15282 6792
1230 410
1575 900
16930 5079
13363 0
520 1300
10710 15300
0 5248
7288 0
5432 0
10644 12418
3368 0
15740 14166
8376 12564
3400 1700
0 3150
1396 3141
1162 4648
10416 1488
5097 0
6596 1649
7200 0
0 17433
16240 14616
3210 2889
14770 7385
10392 13856
3504 8176
7976 11964
0 934
13190 13190
1420 284
5904 4920
3928 2455
5816 1454
244 1952
3292 8230
15632 5862
1554 3108
4380 6132
451 3608
0 0
4352 4352
1108 1939
15354 17060
4344 4344
0 10070
6890 6201
5008 11268
5400 2025
3360 11200
3185 2730
8652 8652
1380 13800
3978 11934
1975 19750
3909 2606
0 288
15180 3036
303 909
13936 6968
9726 1621
9630 3852
3712 5568
1142 2284
1806 2580
662 662
3485 697
9576 1368
7832 7832
3384 2961
2668 2668
2190 1460
5805 1290
2850 3990
5028 10056
3300 3850
0 2992
13608 13608
2932 7330
0 1152
6741 6741
7368 3684
9078 9078
7870 3148
19150 1915
4064 1016
19840 15872
5613 0
7030 9842
3612 6321
2385 4293
9737 5564
17080 15372
13432 5037
1724 3448
4410 3780
0 5784
9520 5950
6076 1736
3336 5004
518 0
3682 2104
5136 0
1062 590
9191 6565
5551 4758
918 2448
2328 1746
5298 1766
2990 5382
1589 1589
0 6888
4008 0
14430 4329
2448 1836
17460 17460
8202 12303
5232 0
0 11172
6108 1527
7776 11664
1997 15976
1696 1060
3584 896
7384 0
1024 1280
0 1413
3690 14760
0 561
11226 9355
728 1456
10794 0
10432 3912
2502 10008
1422 4266
1659 4424
1935 7740
3136 0
3693 2462
4728 9456
2232 1984
6560 5248
5760 5184
13851 0
2499 7497
6245 3747
0 2589
2110 0
2718 1359
7483 10690
13491 10493
11304 4239
3495 4893
0 4410
7810 6248
1970 3940
1569 3138
6818 9740
11522 8230
7376 9220
3920 17640
0 13118
7568 1892
705 7050
12300 8610
4860 972
3440 3440
5691 5691
3144 5240
6916 9880
2751 2751
820 820
684 2394
7884 6132
11160 12555
2373 2373
1135 9080
2406 4010
7929 6167
1638 1404
11632 0
5187 6669
4686 781
5439 0
8480 2544
1437 12933
3315 0
1554 3108
9990 0
1892 7568
969 3876
2960 740
8560 5136
1396 1047
2250 6750
5840 730
7335 11736
9606 11207
8722 9968
8892 8892
7830 7047
459 459
11748 11748
0 9093
345 460
8154 3624
15760 0
840 2800
11592 5796
10269 0
4320 5184
15030 10521
1971 5913
1313 7878
1597 9582
4389 14630
0 0
12590 10072
981 8829
645 6450
1135 6810
9513 7399
7539 1077
7072 8840
7924 1981
1952 4880
2052 6840
3932 15728
3416 1464
8350 5010
9708 16180
7525 5375
16320 0
16623 14776
0 2328
5392 6740
10488 5244
0 9445
7288 9110
1876 3752
6528 8160
933 0
9906 0
4296 1432
5016 0
7672 7672
6219 0
1004 502
220 660
7472 3736
10110 11795
1484 3339
1765 1765
5243 6741
16380 16380
2149 2456
5520 2760
11709 6505
5754 959
7950 7950
4284 6426
2896 3620
1373 0
204 714
3717 3304
14013 4671
5235 13960
9342 14013
0 1144
3350 1675
15224 15224
11094 16641
0 1682
4749 14247
3200 800
7400 7400
8008 0
144 576
5790 2316
12061 17230
1074 1253
276 1656
0 2324
14400 11520
5970 5373
985 788
3065 3065
3452 12082
1310 524
6942 9256
13410 8046
6804 5832
13743 1527
10288 0
5765 9224
1248 3120
0 5792
0 1090
3648 1824
12775 18250
700 7000
13480 16850
780 520
5364 2980
15690 7845
3468 0
2400 4800
6720 4704
1253 179
0 7505
9751 4179
513 1197
13112 14751
11511 3837
8290 2487
1064 1197
8967 1281
4044 10110
8240 4120
3261 7609
6645 3987
4718 0
13540 8124
2440 1952
2400 2400
10008 6255
11760 15120
1305 290
1008 1512
1587 4232
12006 8004
8724 4362
10044 6696
1634 6536
0 0
9162 12216
5784 1446
2223 1235
8904 8904
2144 1876
0 958
8520 14200
0 768
1050 8400
2192 822
3168 2464
0 12776
2285 2742
4208 3156
1862 9310
11934 13923
1443 0
4432 2770
4668 8169
411 822
9099 10110
5952 1984
3200 2560
12264 4599
8988 8988
724 0
411 2877
6564 8205
7880 3940
0 706
1756 12292
9604 2744
1466 0
6504 1626
4440 8880
708 4956
2730 9555
17460 1746
2534 0
1944 17496
2256 2538
513 4617
6112 2292
2704 13520
0 0
3750 11250
6380 2552
7825 3130
15224 9515
3400 680
12222 0
1688 1688
10904 5452
0 19740
9920 9920
1979 1979
12610 6305
2448 4080
12376 17680
214 642
0 1961
4170 1668
4248 5664
0 1008
16038 1782
11648 6656
5472 6156
3394 0
9012 0
11898 19830
0 6648
6678 9540
5964 0
8622 3832
4266 4977
11193 12792
1546 12368
6770 6770
15966 5322
3115 890
468 1638
7348 18370
5376 7680
4790 2874
588 1764
4053 9457
13336 1667
9171 9171
7475 7475
830 1494
2590 1036
1466 2932
2508 6688
2140 1498
7310 14620
0 4975
1752 1752
4323 7205
10386 10386
1280 320
17510 7004
5973 1991
3824 1912
1424 1424
8760 7884
7116 2372
945 105
3042 15210
9900 8910
0 9032
3444 1148
1233 0
7856 5892
307 1842
0 7760
9080 2724
1811 7244
10116 0
4192 8384
7692 15384
5358 3572
0 7108
9303 1329
19560 1956
2135 3416
6714 5595
3575 3575
347 2082
1972 4930
489 1467
7602 3801
10206 6804
17100 1710
330 770
0 7760
2013 6039
5592 932
14750 7375
13530 6765
300 900
4880 3416
16956 16956
2023 289
11064 1844
3874 13559
3816 3180
4700 2350
9576 5985
3018 6036
1100 1100
760 6840
1531 15310
0 3872
0 2406
2016 6048
1512 2520
5090 1018
9840 17712
0 5940
648 756
12621 3606
4270 3660
980 784
952 238
4500 1350
1830 8235
2415 4830
2720 1904
5124 6832
15678 12194
12747 16389
2812 4218
423 1269
0 5096
0 9824
272 952
2476 9904
15228 13536
0 1170
14784 9240
2919 973
15417 6852
13496 15183
1131 3393
1764 7938
8464 7406
2734 9569
1800 0
3392 848
492 3444
3415 2049
10656 8880
11879 11879
17720 8860
977 8793
3664 10992
12213 8142
5138 5138
2523 2523
1028 9252
3520 2112
325 1625
1596 7980
0 1085
1111 11110
3080 7700
2177 1866
7568 11352
5728 716
11370 5685
6824 13648
1090 9810
12033 1337
2816 2112
6012 6012
269 1614
2100 350
2614 13070
6960 9744
4776 0
18410 3682
2800 7000
3104 12416
3688 922
10896 12258
7528 13174
7608 10144
2922 1948
2444 7332
4335 0
11670 7780
400 600
3264 4352
11010 16515
2200 3080
6368 1592
2385 1855
216 864
7392 0
9765 9765
2200 550
1666 1904
5655 15080
0 3296
8895 12453
5721 11442
1665 1110
4500 4500
3930 1965
13790 3940
1824 12768
486 0
1130 4520
383 3447
4156 6234
5985 19950
1231 2462
3680 9200
636 318
10800 0
6168 1542
9002 6430
938 670
7637 5455
4239 0
2380 1428
8512 4256
261 2349
4845 11305
5464 2049
5151 5151
17352 7712
3240 0
11691 5196
11964 11964
9919 4251
4508 3220
19260 17334
0 4070
7750 7750
8875 0
4328 9738
1202 1202
2916 4374
436 0
5286 5286
232 928
5358 1786
1332 10656
6440 6440
0 1800
1083 5415
11788 8420
8394 2798
11688 11688
1134 4536
0 3464
9635 13489
1744 872
5430 4344
1187 3561
1304 3912
1888 4720
492 1312
13311 5916
5166 15498
2016 2688
857 1714
6601 6601
562 562
1503 6012
1506 7530
3906 2604
8830 3532
4630 4630
5043 16810
2380 2380
3348 16740
9070 6349
7060 17650
0 451
1471 14710
4368 5096
2744 1960
3213 2295
1725 4600
9445 3778
2484 2898
3715 4458
0 2532
2510 1004
9751 9751
840 2240
7650 0
10728 5960
939 3130
2397 3995
0 6976
3400 1020
680 2380
5136 10272
4140 2300
3332 6664
11916 13902
13060 7836
13280 7968
1305 1566
1220 8540
3796 5694
3370 6740
5625 3375
0 2796
7098 0
13270 0
9300 9300
5355 7497
6380 1595
1504 0
536 1608
7780 7780
10984 4119
2907 1938
0 5472
11808 0
10360 12950
14688 9792
3864 5796
5760 3600
2440 1220
1791 796
3093 3093
5024 5652
7472 5604
8300 9960
3290 3290
11970 0
1388 2082
9020 1804
3648 3648
9580 0
0 5690
343 0
1324 662
1720 1075
2718 0
4585 1965
1300 1820
1615 3230
12290 8603
8323 4756
2301 7670
13125 0
5352 5352
7740 17415
3018 7042
9636 4818
3906 1953
10068 0
2860 2860
4824 4824
3324 831
19610 19610
7410 0
8274 1379
6524 4660
10768 0
334 668
17770 0
5364 3576
4119 6865
2520 8400
1000 700
5061 0
16430 9858
4080 3570
0 2360
13220 9254
4086 0
0 550
4396 0
632 632
9968 12816
1848 1386
13416 6708
3698 18490
1974 9870
1336 1503
2832 0
1135 227
5253 12257
0 14392
6210 4830
410 3280
436 872
3665 5864
10213 4377
2364 3546
7760 5820
242 0
6894 1149
0 0
9870 3948
5888 7360
0 1372
1752 6132
500 500
11820 0
1752 1460
11858 3388
12180 12180
1782 297
1479 13311
4785 7975
11200 9800
524 4192
0 5852
947 2841
11367 8841
9760 3904
1233 411
9855 3285
1898 11388
12272 4602
935 0
3514 502
2310 0
3324 2770
5870 0
7310 0
10552 9233
1611 1611
11244 7496
9801 4356
786 2358
4140 2070
4820 10845
5327 3805
8472 9884
15616 0
2096 1572
10310 1031
4746 0
8376 1047
19590 19590
888 0
1162 6972
7908 1977
13380 6690
7756 7756
102 510
1396 3141
8450 0
8208 4104
11331 12590
1743 1162
1336 13360
7545 1509
4848 11312
4870 2922
4338 4820
12488 12488
7650 7650
1078 4312
18810 5643
806 3627
10367 5924
1006 2515
0 1680
4460 0
5852 5852
5424 4068
750 1500
3291 5485
4485 4485
12440 0
0 7880
16731 16731
7784 3336
1960 3528
11646 7764
4956 826
1626 0
3204 5340
1447 8682
1330 2128
3115 445
1550 465
4782 6376
8715 17430
602 1505
8820 5880
3802 5703
11718 7812
7782 3891
12270 6135
10488 6992
2580 516
1950 780
2952 0
7300 14600
462 1386
207 1656
6034 7758
2878 2878
10780 6468
11328 4248
9340 7472
14544 7272
1190 5950
12208 9156
514 3598
7440 1860
12936 1848
2988 13446
2772 12474
4644 2322
8340 2502
11640 0
5760 5120
4495 4495
13783 3938
10266 3422
0 17658
2068 5170
8830 17660
354 1416
3440 6020
5592 8388
3920 7056
6376 1594
6348 3174
2625 525
11727 7818
3690 16605
19090 9545
8425 8425
3580 4475
9520 9520
6822 0
1278 4473
0 0
0 5550
9625 9625
0 9342
4288 2680
0 2790
16620 9972
1168 146
4816 10836
468 3744
0 10782
5888 1472
5634 16902
15921 17690
13030 10424
3704 2778
2730 2730
0 1758
9275 7950
3634 5451
890 8010
1807 3614
10480 13100
5091 3394
3699 9864
7700 3850
12670 10860
8872 11090
0 2082
2670 2670
0 3816
2436 1218
332 1494
2482 9928
3486 1162
5037 11753
741 741
5748 8622
9807 0
1822 9110
857 3428
4875 4875
3040 6080
2412 3216
9480 948
8724 14540
834 2919
2175 870
1869 3738
13530 2706
11977 3422
1002 4509
1198 3594
488 1464
638 957
13797 19710
2145 5005
4800 4320
7428 7428
7230 4820
4407 8814
927 1030
5220 1740
1094 1641
13265 15160
346 0
6930 2310
4823 689
12075 6900
335 1675
14672 12838
9180 16524
0 0
5280 5940
3184 3980
5033 719
7992 8991
0 1662
0 0
3654 4060
0 1698
9195 5517
2925 3250
7096 14192
1958 19580
1448 1448
0 5008
11592 16560
1296 648
2696 6740
9396 6264
9576 4104
1502 1502
7610 9132
13140 7300
11040 5520
12894 16578
1998 5994
2572 0
0 2342
16803 5601
6020 2408
5976 6972
2352 1960
3563 4072
12677 1811
12200 0
3712 0
2644 661
5726 4090
1980 0
3600 6480
9670 5802
814 3256
9180 15300
13860 15840
8500 6800
5070 2028
3650 10950
2271 6813
877 7016
10692 3564
4304 4842
5838 1946
16209 5403
2640 2640
11550 19250
1633 1633
550 550
13139 9385
0 8010
8316 0
5448 1816
5248 5248
0 5995
14000 8750
0 9880
0 1521
5050 2525
339 3051
7840 5880
0 5628
0 7616
0 7994
6368 14328
14860 2972
1570 7850
599 5990
8536 8536
1160 580
13986 9324
175 525
1260 420
2222 6666
5427 1809
5035 1007
5600 5600
9048 6786
12048 12048
1278 1278
11450 10305
4626 15420
2940 9800
3960 3960
4755 0
809 6472
8029 2294
1077 8616
855 684
5658 2829
7165 4299
3500 0
321 749
11720 10255
11270 4508
2796 4893
13512 8445
9852 6568
17370 8685
616 1540
17090 8545
7770 777
4377 7295
1600 4800
6444 1074
5872 734
3500 6125
1918 11508
10810 1081
3745 2996
1850 1850
4005 0
2988 1992
0 10920
7332 6110
590 236
0 5416
2496 416
1086 5430
2752 6192
5775 11550
9070 9070
2187 2187
2618 6545
3910 19550
17170 6868
9520 8330
0 6408
0 1440
2322 1806
9192 11490
3483 9288
2592 2592
0 512
0 3234
4760 1904
3800 6840
4038 10768
5936 3710
3290 658
9304 11630
3369 3369
671 671
1146 0
1612 8060
7468 18670
7212 3606
0 3320
1709 1709
1522 2283
12950 14800
0 18340
5652 4710
17700 5310
4860 3888
2555 511
5418 0
4170 7506
0 1029
0 8120
12700 3810
0 7412
6300 2520
9045 7035
6595 5276
2394 3078
4164 4164
954 848
13531 3866
3696 0
666 888
1840 920
0 0
9450 5250
7180 7180
3032 3032
12698 0
828 1656
8695 12173
19790 11874
0 5472
11725 6700
10464 5232
2988 2490
0 1840
2600 3900
2912 0
11820 5910
10248 15372
8937 3972
9680 8470
11802 19670
0 624
0 6676
831 5817
1778 7112
15008 0
3222 3222
9762 16270
2450 980
2828 2828
4707 3138
6110 8554
8928 7936
4052 6078
2487 3316
10724 10724
9790 19580
5416 4062
4480 896
11270 6762
1614 1614
4425 7375
0 8694
2352 3136
2268 3240
5859 11718
1189 9512
5079 15237
2318 8113
0 7191
15930 8850
3759 1253
1070 2140
1140 4560
1926 321
2972 4458
3946 7892
0 1024
2082 8328
330 1320
6083 5214
5565 7950
0 1749
7777 11110
1860 0
266 532
9680 8470
10150 3045
1178 7068
2088 4176
5537 2373
6930 9702
15448 9655
3825 2125
11528 4323
5769 5769
7770 9324
5076 3384
2164 1082
916 458
0 3484
2856 7616
6468 9702
0 16040
2062 5155
13662 13662
4824 1608
3546 1773
11736 9128
3954 0
220 550
8802 4890
10962 6090
0 5268
660 132
513 1539
2970 4752
7740 10320
3078 2394
8400 1680
0 0
2120 9540
6832 976
3447 2298
8920 5575
2895 4053
6692 15057
2430 2187
2020 0
12699 7055
2656 1328
3816 8904
2019 4711
1296 1296
2946 1473
0 0
15030 15030
1888 8496
2500 0
8372 11960
1480 8880
2037 1746
2499 4998
0 2550
2576 2254
1154 6924
9896 1237
6057 4711
837 1674
1587 5290
12166 3476
565 2825
11223 4988
4744 8302
2056 514
16533 3674
4392 7320
2396 3594
1242 276
244 244
807 0
2614 10456
8060 2418
0 2645
5616 16848
1320 2970
0 5916
1666 0
4572 5334
4296 14320
3470 17350
2520 1890
11480 0
6688 10032
11024 12402
1064 10640
9728 10944
1640 1230
442 3978
16533 1837
13405 5745
6461 2769
7512 939
1062 4248
1974 1316
7560 5400
159 1431
0 5532
2316 2316
1032 516
12736 3184
219 1752
436 1744
5544 3696
7686 0
7266 7266
13400 3350
492 738
1098 7686
6824 3412
5658 3772
3334 5001
2636 2636
978 489
3832 15328
3508 8770
5300 9275
0 4440
9840 8610
8544 10680
4491 7485
2172 1810
2478 2478
1358 0
13888 13888
1380 6900
1803 4207
0 6576
3212 9636
6935 8322
1880 3760
2386 7158
0 11100
8170 8170
1807 3614
7692 2564
8460 8460
3032 1516
540 3240
9549 9549
11118 0
0 13840
1043 1043
2680 2345
6025 9640
0 1980
3576 4023
2556 0
0 13095
2595 4325
7120 4272
1552 6984
0 5376
1405 2529
5865 13685
3580 716
13920 17400
0 10140
4708 1177
5056 3792
5545 1109
5640 10152
3510 702
1990 3184
13680 0
5004 8340
11627 13288
5296 9268
7384 3692
4115 3292
4431 5697
1710 1140
15856 15856
16740 7440
4650 4650
1869 0
1710 855
6720 4032
6036 7545
8120 812
9440 2832
3048 6096
0 14680
0 4944
830 2490
774 774
4790 5748
3100 3100
880 440
9672 8463
14544 0
1560 1040
3164 12656
3735 9960
1085 8680
2420 2420
0 0
0 5530
7140 4284
7614 7614
14816 0
8500 17000
17960 12572
2774 11096
3310 0
14499 14499
7215 4329
4554 4554
2542 11439
6228 9342
5380 538
1277 8939
0 5467
1553 15530
0 0
7144 10716
0 8160
0 6150
1845 2460
8168 5105
7648 956
3105 3450
5145 5880
1266 12660
2178 2178
678 4068
7150 6435
7752 1938
3135 7315
4680 4680
2576 3864
15120 11760
924 3080
229 2290
11514 11514
10000 11250
1140 228
10808 3088
9414 5230
318 1272
0 0
3492 1746
0 1935
5257 6759
711 2133
758 3032
3423 1141
2798 0
12080 3624
1355 8130
607 607
5817 831
2440 488
1782 2970
1797 3594
2492 9968
11370 18950
4548 10612
1026 684
7374 0
1857 4333
1302 0
11052 7368
6568 7389
9905 1415
1649 11543
5750 0
16515 9175
4510 0
0 4280
13496 19280
13644 0
1353 12177
9232 5770
8253 6419
4680 4160
3094 1326
8562 5708
7996 17991
15640 0
3128 3519
13977 12424
3120 1040
1006 0
1600 1600
1282 2564
964 723
0 3252
5280 3168
11620 6972
10968 5484
2255 4510
2396 5990
4149 6915
7960 19900
1923 641
1354 3385
4200 2940
5516 11032
5166 3444
5250 4375
5040 0
606 1616
15084 13408
1156 1156
3426 8565
1048 393
6579 1462
6410 3205
6740 0
1895 17055
1792 2560
3058 13761
1341 3576
9942 11599
10304 13248
18790 5637
600 1600
2080 4160
1775 0
9105 1821
4900 2450
412 3708
1010 1010
1116 744
4179 0
6517 9310
2734 13670
1100 1980
987 987
7664 1916
9150 5490
421 842
1005 2345
7845 12552
1236 618
5481 7047
1114 11140
4347 0
12015 12015
0 6606
6306 1051
0 8120
1740 1740
5202 4046
3292 13168
15993 12439
2196 549
17028 0
1710 1140
988 1976
1736 992
452 226
0 3318
1299 11691
3094 3094
4669 2668
0 0
12762 7090
4470 7152
4635 13905
1085 868
12483 0
15700 9420
2130 4260
10710 4590
11526 1921
2940 1176
0 1210
0 543
6402 8536
11106 12957
1912 478
7194 2398
3913 0
18510 12957
6496 6496
10962 6090
2862 1908
3204 4005
3378 0
727 5816
3174 3174
560 1400
6336 4928
2169 723
11496 7664
420 3780
8687 4964
5642 4030
3638 16371
13636 5844
3483 774
2568 4280
1278 1491
5230 1046
150 750
8365 6692
2250 2700
8847 8847
3735 3735
0 2202
8775 6825
1625 1950
8580 17160
9960 1245
620 2790
6570 2190
4476 5968
1946 15568
0 5988
0 10521
4653 13959
345 3105
0 0
8883 0
0 17620
2240 4480
0 16430
6892 10338
6797 9710
7695 10773
5346 594
2392 4784
596 4768
3806 11418
10458 14940
7236 7236
11394 11394
2130 2130
15336 11928
14088 15849
17380 3476
8004 1334
5500 2200
0 2744
3633 2076
2492 1424
13500 13500
5800 4060
1395 558
7212 4808
1903 5709
752 1504
4185 13950
12180 13920
1384 6920
1222 6110
13280 0
9328 9328
7539 4308
6957 5411
7803 2601
12470 4988
3232 4040
0 17802
438 0
6688 15048
1041 0
434 2604
5576 9758
5238 8730
1540 13860
4365 3492
883 7947
829 6632
3960 4400
9688 4152
3009 1003
5304 1326
0 4542
2450 4900
4990 2994
6900 10350
539 4312
2802 4203
3780 1260
6294 3147
8975 8975
3240 4050
12890 11601
4288 5360
13160 1316
11835 9205
1532 13788
1408 352
15944 13951
11880 5940
1218 696
8274 4137
2006 3009
6237 7128
1309 0
4434 1478
16551 11034
15380 1538
0 3216
3504 7008
1150 2875
169 0
519 3114
17810 10686
18730 13111
1787 12509
624 936
3030 13635
14624 18280
3184 7960
4950 0
4880 1952
2950 0
3735 7470
3314 4971
522 174
1749 5247
3395 3880
13650 4095
0 7270
9198 6570
473 2365
5930 4151
1764 2940
2140 1498
1735 3470
5932 8898
952 1428
493 4930
1028 2056
7710 12850
0 15363
0 4344
0 2010
8421 3609
12294 12294
5888 6624
1416 0
1293 431
3718 14872
2772 6468
1392 3132
7880 19700
112 784
3228 9684
8736 7280
0 2760
924 924
1587 529
681 4086
2408 1806
876 7884
5060 0
8136 2712
0 3996
16605 11070
8554 2444
924 308
2847 5694
8448 1408
6118 8740
1568 1764
610 732
17415 5805
1155 8085
0 6309
0 4466
574 0
8000 6000
1235 1235
2160 2592
285 1995
2450 2450
0 11837
11080 0
11160 1240
1904 2856
1393 1393
5007 11683
3564 11880
4410 6174
7540 3770
5268 13170
6209 6209
0 1489
5487 1829
4214 2408
9165 18330
1980 2310
1064 1064
14661 11403
2784 5568
1252 3756
3000 900
6920 17300
8586 8586
1752 876
2403 534
1170 1365
1302 3906
6294 5245
1420 4970
5210 2605
1973 11838
10464 6976
9560 7648
976 2928
3928 8838
0 0
324 648
15464 1933
7280 16380
15880 19850
5380 1345
2980 1490
2440 2440
2308 0
729 2916
10810 7567
6652 6652
3958 5937
815 4075
7205 2882
11728 13194
9459 4204
14384 5394
17870 14296
1110 740
0 718
1036 296
3564 792
295 2950
3900 4875
11326 16180
1776 1184
1116 1674
0 2700
316 2844
3920 6860
6078 9117
8856 2952
2088 1392
1614 4842
4354 1866
565 226
13041 0
2345 3350
11310 7540
7704 2568
5772 11544
7896 9212
6140 10745
11354 6488
6858 6858
9471 12177
3862 11586
3831 1277
1092 5460
0 1728
1196 1196
12112 13626
18550 3710
5544 1848
1362 1362
2285 3199
2862 2862
11172 9310
1993 5979
1885 3016
6972 17430
5096 7280
9918 1653
4179 4179
9144 8001
3878 1662
18160 18160
13122 1458
12393 6885
750 750
4008 6680
1216 1216
9648 1072
3305 3305
6260 5634
1875 1250
0 11504
5274 3516
195 1170
1494 1992
9780 0
4068 4068
453 4530
2224 5004
1473 14730
1352 5408
1652 3304
10736 9394
3658 3658
1744 8720
476 1190
10430 10430
1708 8540
12560 11304
1521 0
8750 7000
0 784
1478 13302
7156 1789
8580 17160
1778 16002
7884 0
8300 5810
10359 9208
936 520
7192 5394
3732 14928
3975 2385
4644 8127
4412 4412
5094 10188
3298 1649
5789 4135
3588 7176
3080 770
5360 3216
10930 2186
4578 5232
7010 0
7325 14650
2588 4529
5560 8896
450 2025
9350 3740
1340 670
11061 2458
0 4020
0 0
454 1816
548 2192
5973 7964
13752 1719
17840 1784
3180 636
3114 0
9665 9665
1280 1280
9380 3752
10956 16434
2365 0
905 0
11410 5705
9312 4656
8841 1263
7650 4250
5715 11430
17990 1799
12110 12110
7855 12568
650 5850
519 3114
10780 1540
10744 8058
6930 11088
0 5504
2204 3857
2115 3807
676 3380
3672 1836
1190 10710
4266 3555
6912 17280
1216 4256
1000 750
7926 9247
2640 10560
4976 7464
0 14571
7172 14344
318 1590
1448 5792
8232 8232
573 764
9360 9360
5169 5169
2370 2370
1248 156
1260 0
0 9296
10423 11912
3980 1990
1092 624
3576 8344
9630 8667
0 0
713 3565
1580 4740
4896 612
0 3435
10248 5856
2970 8910
1382 6910
3555 2370
0 0
8154 1812
8208 912
7173 6376
15630 7815
7960 3980
13592 13592
9450 5400
7035 5025
19360 17424
4864 7296
0 4170
10230 5115
7488 13104
11560 4624
0 9926
6288 4716
5103 1458
0 201
3735 8715
868 124
7172 17930
2068 0
3681 1636
6414 4276
7175 4100
2023 867
13380 0
6480 1440
3870 6192
5803 7461
6126 6126
10710 8330
5400 4050
5092 8911
4352 4896
1268 0
19000 17100
10296 1716
13140 2628
905 181
5396 0
1404 3510
7824 11736
7816 15632
8778 7315
1239 2065
14112 8820
9592 3597
5080 6096
1483 2966
6240 0
0 1836
0 11916
7651 6558
10488 6555
12348 15876
3150 5040
3120 780
3000 2500
6936 5202
4180 1045
2124 8496
6030 4824
1292 2261
597 199
2376 1188
1736 6944
8050 5750
8290 14922
2640 13200
208 2080
1658 4974
4878 3794
2748 687
3426 1142
0 2418
1394 2788
15528 0
3480 12180
6620 6620
0 2040
1660 2905
0 6948
15460 10822
6700 5360
4626 1542
2010 2010
3479 4970
6876 12033
771 514
1887 15096
15237 8465
7256 4535
13077 11624
7128 2376
812 1015
8281 8281
3340 5344
6840 6840
11256 18760
9475 17055
3326 3326
0 10536
13536 5076
1422 4266
15672 19590
2630 2630
17050 6820
11018 1574
1369 6845
0 3825
1554 2072
3204 4005
2550 5950
9348 4674
768 128
6210 0
4540 908
10990 1570
0 3978
1155 10395
0 2368
6648 1662
7248 5436
868 2604
2138 4276
7830 8700
1143 381
5232 7848
3202 6404
2952 3936
10020 7014
8304 9688
11997 1333
0 1092
9695 7756
5886 5232
6622 946
2496 5824
1782 3564
5230 3661
1186 1186
5292 2268
1305 145
5400 2025
1980 1386
646 6460
5010 16700
4984 5696
15930 17700
8682 2894
4375 875
1116 2232
4017 0
0 9058
10952 6845
4672 2336
9032 9032
10752 14336
790 395
4599 3577
5202 4335
7260 10164
3132 7830
5929 5929
0 5525
0 1236
3017 3017
8256 1376
13656 5121
15928 5973
14769 6564
0 7240
540 5400
4374 8748
2415 966
456 2280
984 7872
768 384
4632 9264
4599 3066
3952 7904
9896 9896
4302 5019
6324 1054
1671 5570
0 15816
1136 2272
17127 9515
3356 7551
4077 10872
5175 5175
13880 12492
5940 10692
2334 3501
0 972
5085 0
4952 4333
17217 0
846 4230
1620 5670
0 0
4149 461
1186 2965
1060 1855
9336 9336
614 4912
754 7540
15282 5094
14103 9402
3572 1786
2256 1974
954 2226
0 106
3204 3560
1716 2574
10112 10112
112 224
1876 7504
9765 1085
4422 5896
2740 4932
690 690
3054 1018
0 17860
2160 3600
0 6390
788 591
147 1323
0 4452
17325 7700
0 19070
4160 8320
3000 4500
0 7368
6534 8712
0 0
8120 3248
1504 1692
4425 0
19470 9735
3268 8170
888 0
14742 14742
11352 11352
11814 7876
3627 3627
127 381
1875 5000
1440 1152
11795 10110
7840 4704
4815 3210
1545 618
0 3072
2900 4060
5400 900
5817 19390
5265 4680
0 4336
13491 4497
5621 2409
15560 3890
11160 6696
1941 17469
3243 4324
2230 2230
5982 9970
5784 0
2382 3573
3090 1236
9300 10850
3006 5010
19520 3904
1666 7497
6692 6692
0 0
9981 9981
5000 9000
655 131
10260 9234
1260 378
9492 6780
5244 2622
1610 1288
0 12790
1925 5775
5172 2586
2192 1370
12664 6332
8078 10386
2316 3474
5396 2698
11064 12908
9189 3063
2208 1104
3090 12360
1692 1692
3322 6644
8890 3556
8246 4712
2835 2835
860 516
557 557
4707 523
3414 5690
850 6800
898 3592
2616 981
0 1287
16270 16270
0 4120
1393 9751
15390 3420
302 2718
3398 8495
5280 10560
1016 508
218 872
12448 7780
3514 14056
3408 1704
2301 0
8625 3450
8815 10578
6290 0
1500 1750
0 0
0 936
6240 1872
7500 4500
2384 2980
13288 14949
3600 1200
885 2950
315 2205
8945 8945
7488 936
8480 5088
1102 3306
669 2230
1477 0
2510 251
2720 0
1353 4059
7705 15410
1989 1326
2905 1743
4032 10752
1610 322
7836 3918
9975 13965
3330 5550
2362 10629
1718 8590
0 3706
6296 0
5010 4509
496 992
16758 9310
0 3744
1456 546
5526 9210
0 5920
0 5128
0 12370
3686 5529
3346 956
1001 572
3744 1872
10150 8700
4592 2296
2456 9824
11284 16120
520 2600
3285 1095
6824 0
1041 2776
4916 1229
1795 10770
873 2037
4554 13662
3808 6664
1735 2429
2506 8771
1316 3948
8496 7434
5677 7299
2316 1158
1512 756
6388 0
456 4104
2220 3552
0 6594
1795 3231
537 3222
14823 8235
2838 11352
11862 5272
14490 12880
4005 1335
4806 801
16218 3604
739 4434
1187 8309
1521 0
4890 6520
1344 1344
7660 3830
1156 3468
3648 12160
3712 7424
11179 14373
7818 6515
18970 15176
0 1832
7870 3935
4220 9495
17210 6884
1063 9567
12915 1435
2608 5868
12320 15400
12008 10507
7030 4218
5656 11312
1274 10192
3316 1658
6964 1741
5064 8862
4466 638
5586 3724
16731 13013
1264 316
702 1053
6980 6980
14832 7416
3570 1785
16380 0
2680 1072
3774 1887
6482 2778
2675 0
1240 1240
3300 5775
14270 9989
2004 10020
4872 3248
9190 14704
1608 5360
3036 5060
7530 7530
13512 8445
1304 815
2010 2680
1078 0
2695 4851
2266 7931
6672 6672
7390 739
4158 13860
760 3040
384 768
2788 6970
6853 7832
0 8982
3144 2358
4224 7392
1758 17580
15309 13608
0 7168
3304 0
568 1704
2870 1148
1320 2376
2988 8964
540 945
9762 13016
0 7376
12990 11691
3635 1454
5817 1939
6450 2580
4260 0
12320 15400
535 321
15318 0
0 1464
6265 8950
2542 0
3660 0
8010 0
1993 3986
2750 2200
6068 15170
508 1016
5244 13110
4736 11840
402 670
4632 6948
422 1266
4632 4053
6408 6408
1500 600
19860 0
2264 5660
4856 5463
2344 586
3330 1665
1098 3294
1032 1204
3822 0
1296 810
5880 4410
3572 1786
2150 2150
10590 12355
1668 2224
3951 3512
654 0
0 10470
5760 17280
2601 3468
1106 474
3084 10280
0 14630
0 2092
17990 0
7335 2934
0 0
6447 1842
16524 9180
5505 6606
17154 1906
7740 6450
2346 5474
0 4110
8463 12090
8176 2336
1878 7512
1037 1037
110 990
2745 1525
8856 8856
15363 13656
0 813
0 7608
17120 13696
13280 9960
2787 1858
7435 10409
10998 7332
10521 4676
4435 1774
4570 0
8140 11396
1832 1374
662 6620
5736 4302
7912 3956
9875 1975
12460 11214
9384 14076
5728 5012
177 1593
1064 0
6146 4390
0 16398
7868 17703
776 1552
11584 10136
1880 1880
0 1436
1645 2632
12712 16344
3520 14080
12204 6780
16056 14272
8477 3633
6222 7259
4122 4122
0 13158
0 10003
14616 3248
749 0
9441 3147
1228 1842
12159 6948
2608 0
0 4445
7441 9567
14080 10560
2250 0
7892 11838
15872 17856
1887 13209
936 2184
3264 1632
3250 2600
0 4251
6536 4085
1952 17568
6655 2662
7490 5243
11914 17020
5168 646
5488 8232
13170 2634
6700 670
3990 3990
3092 7730
18630 9315
2769 1846
0 1593
0 7126
12285 12285
888 888
0 4350
6160 4312
273 546
1887 0
855 2280
6975 2325
836 627
3681 3272
3630 9680
5442 12698
1197 513
2891 826
15300 4590
0 9940
4544 5112
0 0
8784 9882
10728 14304
1631 1631
9544 2386
5304 3536
7290 5670
11580 1158
0 17270
16260 8130
11256 5628
4809 16030
3777 6295
2515 3018
1062 1770
2352 3528
1120 8960
5180 0
2994 3992
17937 11958
4092 3069
7866 8740
6720 960
18270 7308
1248 1404
13810 0
1374 2290
3872 4840
1029 3087
8118 10824
4910 0
292 876
5000 4000
1400 5600
2108 0
4277 1833
10332 14760
6517 6517
1490 13410
9120 9120
14850 5940
1546 1546
2408 2408
3248 8120
6770 4739
4464 2480
15616 3904
868 1240
11208 18680
2558 0
5268 14048
1350 450
1421 2030
3100 4960
3106 7765
1935 5805
0 2601
4209 11224
1464 10248
15760 5910
0 6716
3822 1092
11112 11112
1944 5832
1905 1905
0 1781
3940 0
5280 4400
1307 5228
8740 8740
880 880
9846 3282
0 6940
7020 11700
11228 4812
7924 9905
3972 662
7304 8217
2875 1150
6916 9880
3436 2577
0 3702
0 5368
2860 1430
915 1830
5598 4976
14560 1820
4338 0
5820 970
12592 12592
8540 7686
8550 0
9210 9210
9576 15960
6690 0
9639 6426
11264 4224
0 13050
18030 5409
3114 15570
4200 9800
12390 11151
1436 10052
1494 2241
9933 7095
1515 4545
15363 10242
5476 0
1310 1048
7146 0
4083 12249
665 266
6768 2256
4376 547
0 5348
9464 9464
6894 2298
0 1133
8514 8514
550 3850
7272 6060
13070 5228
7920 13200
11844 5922
1932 2254
11118 1853
6390 2840
992 7936
1950 1950
16551 18390
9348 10906
7570 4542
1948 3896
10176 5088
5555 6666
1270 1270
9450 0
0 975
12654 5624
0 11850
161 1610
620 124
2751 4585
1328 2656
0 0
0 11784
4230 4230
5112 1278
3035 3642
13328 15232
922 8298
4900 490
1658 0
4256 5320
3520 880
4632 4053
11529 11529
0 18020
901 5406
2036 1018
11776 1472
3300 4950
9646 2756
1721 15489
11130 14310
3920 560
1422 237
1275 3825
0 19820
8544 14240
9730 6811
11067 1581
8577 3812
5068 1448
10956 16434
1236 1648
8000 9600
9576 0
7950 7950
9630 1926
10626 10626
0 1211
5656 2828
0 3224
7330 5864
11970 9975
16677 18530
4895 8811
10100 1010
6195 5310
11844 11844
3216 3216
1596 2660
8552 3207
4615 0
645 3225
3810 2286
10164 13552
9603 8536
8967 6405
9660 14490
5316 14176
320 960
7484 0
7440 6696
9234 2052
0 0
0 9065
1896 3792
271 0
9020 3608
2688 4032
6993 0
4990 1996
3732 18660
1626 813
3296 2472
12440 12440
13260 13260
13616 8510
5690 3983
904 1808
8170 5719
4704 7056
4802 4116
1254 5643
1585 11095
1017 1356
3604 5406
8418 14030
18250 16425
0 3774
3960 9900
3372 11240
1505 430
3360 2240
7602 1086
16730 16730
17410 8705
0 3864
3156 1578
5195 0
0 7175
12432 8880
651 5859
0 5400
7672 5754
16245 7220
11178 2484
2660 3724
5643 0
7620 2540
4780 2390
10788 14384
2220 2590
786 917
9630 2889
10544 6590
1996 5988
767 0
2314 1157
8532 0
1359 1510
7624 9530
5484 9140
1284 4494
1824 1520
13990 5596
1623 1082
2739 0
611 6110
685 274
6903 6903
17050 11935
0 1160
2530 0
4312 5390
13104 7280
3507 5845
7616 1904
17290 10374
3960 4950
12912 14526
2644 10576
15630 12504
13636 5844
8478 0
12632 0
5020 3012
3528 882
0 408
6320 0
3368 3368
0 2616
12327 14088
14728 9205
4023 1341
9966 1661
3565 4991
7910 4520
16524 0
5400 540
3724 3724
13743 3054
3591 3591
3591 4788
3056 5348
19580 15664
3753 0
1407 1206
16353 3634
16254 12642
6246 2082
3834 3834
1580 790
2528 7584
2445 0
4470 0
12152 6076
7510 7510
7276 5457
3048 6858
0 14520
6065 1213
612 4284
5033 2157
11830 3380
3276 4212
5844 5844
3696 3696
6012 2672
13152 13152
1136 5680
7424 7424
12580 3774
7168 8192
2535 3549
0 5632
1949 11694
0 1551
13968 9312
966 1104
1250 1500
12375 11000
14769 3282
11320 7924
14230 1423
3285 10950
11160 1240
8178 4089
7376 7376
11896 0
3422 10266
14728 0
1827 783
3816 3339
0 12999
211 0
8975 10770
3870 3225
14930 2986
1998 5994
3870 0
2510 502
3038 9114
3513 10539
17160 12012
15016 16893
8704 5440
4690 0
7920 6600
4584 3438
0 6720
2874 4311
1236 3708
0 1200
3080 10780
200 300
10458 7470
215 1720
0 7992
446 0
0 11568
1347 449
2360 2360
0 6642
14952 7476
12140 1214
5168 3876
924 9240
4872 7308
3488 4360
10710 10710
790 3160
13280 14940
4698 1566
9950 5970
13314 1902
6132 10731
537 5370
0 0
5880 0
3306 0
0 5172
1034 1551
866 3464
3368 11788
4881 0
1524 3048
13424 3356
16980 15282
1518 12144
3340 4175
6640 5810
14890 2978
252 1260
8664 4332
3513 9368
13104 1638
5340 1780
6056 6056
2394 1995
5253 17510
7555 13599
0 0
0 3410
0 7674
2196 366
7554 8813
12432 12432
845 4225
3330 3330
9360 1872
4809 3435
1470 0
0 10380
13657 15608
15984 12432
946 946
2070 4830
10584 10584
9890 0
8330 3570
1968 1312
5910 1182
3345 8920
1229 4916
1770 3540
8960 17920
7384 923
3340 3340
3256 6512
1008 2688
3948 1316
5150 5150
713 5704
0 11178
2601 289
1004 10040
1785 0
6831 3795
4944 4944
1107 369
16190 3238
0 0
0 7173
1368 0
1222 1833
5925 1185
7230 2169
1368 1539
633 1899
1572 4716
12564 2792
5124 3416
1173 1173
9410 18820
13968 3104
8595 1910
3835 7670
15200 6080
6980 9772
582 1455
2204 1653
9982 1426
5960 2235
1518 13662
601 6010
10990 6280
0 11652
3927 2244
0 5560
14850 11880
2464 1232
0 486
11223 8729
3864 5152
7140 3060
8460 13536
0 2320
679 2716
1244 622
7320 0
8721 0
2660 4788
2992 3740
5553 5553
4137 1379
1255 6275
3750 8750
0 1546
7880 1970
3960 1980
2811 9370
5805 1935
2758 1576
2568 2568
11718 3906
3308 827
7976 1994
2247 1284
13390 0
6300 2800
0 628
14024 3506
0 17487
7044 3522
12400 2480
10857 12408
314 1884
18660 9330
558 2232
3534 15903
2262 0
3406 15327
11360 5680
872 3924
4302 3585
3579 8351
9945 17901
1086 9774
19600 9800
5142 10284
0 5361
6687 6687
2571 4285
3896 7792
4895 4895
0 5904
0 4228
8586 4293
5840 3650
1395 3255
5631 18770
3381 3381
3408 5964
7405 14810
1500 1500
10520 8416
575 5175
3978 3536
5574 18580
0 2592
5814 2584
15520 13580
742 0
15120 4536
6016 3760
755 604
1036 1036
13587 3882
1886 16974
2187 5103
0 3766
10570 4228
1524 4572
8433 6559
6400 0
1337 1337
2247 749
2776 3470
3714 11142
14992 3748
7434 3717
6650 2660
0 11748
5859 19530
0 4850
15128 11346
5125 3075
2384 1192
17230 1723
952 952
12201 1743
0 8586
828 0
1110 3700
0 2730
681 5448
3164 4746
1704 426
6345 3525
10146 0
2891 2478
868 744
4257 1419
7420 5194
17110 13688
13140 10512
13210 7926
1380 1380
11952 0
2080 3120
2540 6350
8928 11160
0 4959
11438 13072
1378 4823
2280 3420
9690 11628
3213 4590
11136 1392
1440 10080
13400 10050
1233 2055
2624 4592
4955 6937
363 726
4689 12504
4632 15440
497 4970
6396 0
4308 6462
6503 8361
5180 8288
4600 2300
14112 4704
14472 12663
11228 8020
15350 1535
0 10542
12064 15080
11180 10062
2892 5784
12845 5505
10284 17140
3155 1262
2768 346
1458 14580
357 238
1883 2690
16803 3734
0 2970
912 1368
1735 1041
10612 1516
16506 9170
2326 6978
466 2097
0 8975
3806 5709
5307 0
7399 0
10320 5160
1064 1596
258 1806
1860 3720
1211 8477
664 332
760 6840
2010 2010
6656 11648
462 0
6579 0
5256 0
14632 1829
15840 3960
3008 12032
514 1799
0 8112
2426 3639
16120 8060
6612 4408
3244 8110
0 4660
9920 5952
1062 5310
1745 0
0 2372
1432 1611
8424 3744
6318 6318
486 972
6495 6495
8910 12474
6570 1314
1408 14080
6592 2472
3876 0
3753 5004
0 379
1459 7295
240 1680
10654 4566
16230 12984
5055 16850
1588 4764
11389 13016
7690 0
1118 5590
6968 8710
5778 9630
1924 0
2150 1075
4040 6060
504 252
3246 9738
14049 7805
12872 6436
5131 3665
9351 3117
13592 11893
824 6592
7425 4455
0 2820
12032 1504
6075 6075
400 800
14960 0
512 1536
780 390
3272 2045
16929 15048
4940 0
3714 3095
969 7752
11052 14736
896 560
3856 7712
4408 2755
4092 6820
8465 10158
12418 3548
1393 4179
9560 8365
10591 4539
6264 4176
0 6195
8980 3592
11646 6470
5361 1787
0 14860
12341 15867
8028 4014
5790 5211
3678 18390
0 3470
11459 9822
4005 890
9020 0
11718 8370
10734 12523
3440 1376
7116 2372
10896 3632
3933 437
17532 19480
9976 12470
4372 8744
7512 6573
8586 0
1696 1696
3123 2082
2784 3132
13391 1913
1351 193
4374 10206
12976 14598
404 1010
5655 7540
4800 1200
1615 2584
1599 533
4311 479
3584 7168
763 1090
11396 9768
10460 2092
0 2190
10270 6162
1780 0
12299 5271
6110 4888
6447 2763
10892 4668
8328 0
1644 4932
3160 1264
3378 8445
7378 0
7085 1417
17820 12474
3237 9711
0 452
2541 2541
4968 0
1705 5115
8496 7434
8408 6306
9390 1878
0 8130
3662 5493
610 3660
6655 1331
5817 6648
6606 11010
6496 8352
13944 10458
11872 13356
1548 2709
9180 3672
5712 9520
1822 9110
8208 3648
3552 3552
5950 2380
14880 14880
2718 6342
3132 7047
882 294
3550 2130
1570 0
204 2040
6952 5214
6516 1629
6530 3918
4060 1740
0 1482
15870 12696
3073 3073
5296 3310
1856 7424
5697 11394
1123 2246
7770 0
0 0
1200 3000
3064 3064
1720 5160
5670 3780
2118 4236
15894 14128
9541 1363
13626 3028
780 1092
131 1310
9324 0
7984 6986
0 3054
1941 647
5944 2972
8424 9360
5864 13194
8911 1273
17037 1893
9485 1897
0 1930
0 7290
780 156
0 7184
2880 8640
6858 1524
12816 6408
18650 13055
11610 6966
9450 3150
7525 6020
3980 13930
8091 8091
2793 931
978 978
2046 3410
3512 4390
1546 4638
1426 3565
6370 8918
7015 7015
119 0
10682 9156
8760 8760
0 13426
1264 6320
7485 8982
1349 5396
728 182
807 3228
12480 9360
2328 3104
5184 10368
0 18500
4173 8346
6430 3858
0 9575
4949 6363
8939 0
11982 19970
7098 10647
284 142
8150 1630
1078 4851
1148 1722
1693 6772
7698 10264
464 4640
1755 1170
2088 1044
3588 5382
852 1278
4704 0
5465 2186
4950 5775
1897 2168
1980 8910
477 0
1842 4912
2034 4746
3996 444
0 685
0 9170
2036 3054
6624 3312
445 4005
5957 5957
0 0
15534 5178
5109 1703
864 0
9885 11862
3942 5913
10220 3066
2485 0
10665 11850
1845 5535
1981 566
0 2277
12411 11032
3554 1777
5988 4990
7690 15380
4140 0
17980 0
4988 3741
4752 1584
4380 5256
3812 7624
8630 3452
6284 0
7850 3140
1928 964
7224 8428
1656 2208
0 311
6792 16980
5900 3540
10360 10360
316 158
0 2574
0 4712
11550 5775
3828 4466
1388 1388
1429 2858
4950 2750
4852 2426
5670 5670
6552 8736
13730 0
3384 6768
10224 10224
1226 11034
4890 1956
3375 6075
11011 6292
1914 3828
4944 3090
0 10320
2007 223
5775 11550
9100 9100
3856 3856
4600 1150
3112 10892
10312 3867
9935 9935
1603 16030
8379 4655
19410 13587
13239 2942
9720 10935
1435 1148
2468 617
4944 14832
1183 169
6450 645
0 1090
13347 2966
0 4024
5166 3690
945 378
5710 5139
0 12285
0 4794
7428 1857
0 5164
2988 1992
5088 0
12789 5481
516 1032
792 4752
468 936
6030 0
3183 1061
0 7384
4014 4014
8120 812
5520 4600
3330 4440
667 3335
5295 9531
1278 0
3339 2385
8364 12546
8869 5068
2664 13320
14400 0
2076 3114
8890 1778
9331 1333
298 894
8652 9888
13960 9772
2490 4980
8577 3812
5877 1959
4850 2910
1696 2968
13872 8670
0 2274
12760 1276
0 9240
11900 0
1872 6240
11641 4989
892 5352
3450 4830
9635 3854
11094 9245
1735 2776
7976 0
15912 8840
3480 4350
6636 3318
0 4830
3330 1998
7320 4575
3592 8082
2859 7624
19590 1959
16533 16533
1866 2799
11410 13040
11795 8425
7195 14390
1086 2172
7074 7074
13314 1902
1644 5754
3340 6680
2254 2254
2668 6670
924 8316
2852 6417
4016 1004
10680 8900
5952 4464
4662 1332
6048 0
9212 6580
0 2926
17610 14088
8898 7415
8280 828
2200 880
2144 9648
1295 2590
1688 1688
6330 12660
4028 9063
10488 11799
1620 0
8176 1022
0 2102
7700 0
3908 13678
10062 15093
2928 366
9560 5736
2108 1054
1544 3088
2834 0
5313 3795
349 3141
5859 837
434 1519
17650 17650
1766 15894
3260 1304
11930 2386
6930 12474
0 3870
7135 14270
7968 9960
2660 2660
7994 11420
7715 1543
2720 816
1976 3952
0 1433
154 0
14592 10944
4340 6944
5571 4333
4720 10620
1836 1836
12656 18080
1366 2049
3951 9219
1431 1590
4840 0
4404 734
13656 1707
16260 11382
7600 6080
829 4974
2340 4095
13120 5248
5580 0
636 3816
11664 1296
1522 761
15184 18980
828 828
5736 14340
1908 212
2168 2168
12186 5416
4780 2868
4096 5120
0 1238
3585 5019
8496 0
4774 682
4300 430
13728 13728
1910 1910
0 1048
9960 8964
1076 9684
700 420
14760 16400
5084 0
5142 15426
0 5350
762 2032
2582 3873
1104 1472
18640 0
11763 1307
12873 11034
8744 4372
1008 8064
2396 9584
5157 4584
2844 3160
5488 7056
7763 5545
2640 3960
14967 9978
2472 0
5970 4776
612 4896
2115 2961
6320 2528
10760 8608
9320 14912
9795 11754
765 0
19730 13811
1230 0
1512 13608
12348 12348
2043 908
0 3318
2468 1234
5088 0
3372 2248
6304 4728
1554 1332
9366 6244
1504 13536
3531 2354
17140 17140
1152 8064
3650 7300
1095 6570
0 1941
1617 12936
9045 18090
4272 712
0 4370
4680 1872
3024 1512
4149 4149
4848 1616
2898 966
980 8820
9126 10140
0 9410
0 1421
1302 3906
2619 582
6296 0
2830 1415
4168 7294
4977 7110
2958 2958
3800 6840
17478 9710
1911 7644
4488 1122
936 1170
2499 714
7588 13279
959 548
2654 13270
3976 6958
13527 12024
1380 0
5856 13664
13454 1922
3204 2403
598 299
15512 7756
17055 5685
891 2673
1311 1311
3504 15768
3340 668
13846 5934
8130 14634
2204 3857
14880 11160
13419 10437
6110 2444
2028 0
5607 8010
1296 3888
2600 5200
4452 0
4144 2072
8604 956
4044 6066
891 891
1210 3025
3860 6755
8515 3406
3783 5044
13250 3975
1828 3656
15804 15804
5859 1953
1791 0
4612 9224
3843 8967
3858 0
4167 12501
5520 9660
10122 5061
4315 8630
7910 0
11333 3238
6580 3290
7795 9354
1542 1542
660 0
2298 2298
4085 4902
0 13184
5816 4362
7044 3522
3730 11190
7555 4533
1860 2790
952 2856
8390 3356
12992 7424
5068 724
11375 16250
3910 2346
7910 7910
0 3744
5256 1752
7296 9728
408 102
3795 3795
2328 0
513 3078
2511 6696
0 1288
12677 9055
18660 1866
7506 7506
2200 2750
2610 1305
3030 3535
1566 1566
4858 4858
1508 6032
9240 9240
4468 2234
8424 936
5670 1134
1156 5780
4696 3522
1556 1556
17310 6924
5553 5553
476 2142
2054 0
7768 9710
0 0
729 729
3482 15669
8868 11824
13232 16540
8075 16150
1094 9846
6180 4944
14679 6524
2514 0
8920 2676
5289 12341
3750 3125
2622 0
7960 7164
11725 3350
1184 1332
4748 5935
11532 17298
13293 18990
1290 430
1252 626
4805 8649
15160 9475
3090 1854
6440 4830
13314 19020
978 652
8664 7581
0 6045
1128 0
2280 6840
10422 12159
2124 2124
1141 1141
9414 10460
0 12688
1632 3264
6360 15900
940 8460
13104 0
11202 0
8576 3216
11484 7656
12900 10320
3910 11730
8694 14490
1252 7512
1834 0
0 14672
2592 1728
263 2367
0 14540
9401 1343
11347 6484
7910 7910
954 8586
1602 8010
745 3725
8730 9700
3850 0
0 2218
1886 5658
6328 791
5844 2922
0 2471
3860 0
7980 15960
6004 1501
10824 13530
14220 9954
1485 990
3114 346
3920 2940
3115 3115
235 705
1432 14320
588 4704
9296 6640
6291 2796
9604 8232
14510 0
2982 0
1212 3636
3126 0
17829 19810
14949 16610
1164 873
6380 14355
906 8154
9774 1086
9410 6587
14776 16623
4230 2350
12992 16704
10120 4048
961 8649
1704 0
9219 1317
6468 6468
0 17946
2430 0
5280 3696
612 4896
10766 0
0 9390
2730 2730
2612 3918
8028 5352
14000 11200
1808 14464
13010 9107
3864 11592
8322 6935
15088 11316
6003 0
0 5382
6504 5691
7648 0
12740 7644
5540 554
0 4071
10380 12110
0 4395
1218 3248
440 2200
5148 17160
4278 7130
9909 7707
1584 7920
0 690
13500 4500
7756 11080
15020 6008
15410 10787
7408 9260
1347 2694
9078 9078
19940 13958
10424 11727
1830 16470
204 1428
17520 7008
0 13520
1743 581
5076 8883
3964 3964
1078 2156
12768 5472
10780 13860
4125 1650
915 1830
17739 5913
0 5340
5922 8460
8262 5508
1190 1190
1580 632
10815 0
11673 1297
1146 1719
0 2565
2164 2164
11830 11830
748 561
1608 1608
6804 9072
6447 2763
5930 1186
7516 0
351 3510
0 1076
2586 1724
1996 1996
332 1494
11711 10038
12474 17820
4200 4200
12573 2794
11656 14570
1998 1332
4768 0
1821 2428
2933 3771
1952 3904
4884 4884
4736 4144
4710 3768
6140 1228
12590 10072
0 1005
5724 6360
7074 3537
13190 6595
3576 5364
4690 1876
1170 4680
4600 0
1016 2032
1712 7704
1136 284
13570 10856
3896 13636
1470 3430
2025 810
312 1404
10014 11683
720 900
13650 7800
1344 3584
357 476
1593 0
7137 0
5205 5205
1648 4944
0 5604
12915 7175
7042 5030
3777 1259
411 0
586 3516
5937 13853
5285 3775
12330 2466
1498 4494
0 8552
2240 2240
10490 0
1232 4312
640 256
14103 4701
1080 1800
2644 1322
7524 16929
1305 2088
2961 2115
0 10440
12294 9562
7010 4206
0 8739
1428 714
481 4329
1393 199
12600 12600
7844 19610
8106 2316
2296 2952
3184 4776
10549 15070
1215 1458
4515 6450
4992 5824
2712 9040
0 0
3054 4581
9162 0
16533 7348
0 0
3260 652
808 3232
6003 5336
1124 1405
2648 5296
4584 13752
12330 9590
4350 3480
3396 6792
3830 2681
6324 14229
1427 14270
6520 0
1052 1315
7800 10400
2498 4996
2520 2800
365 2920
1932 7728
3950 3160
5955 1985
6750 9000
456 1368
10792 5396
12540 6270
15561 17290
4248 14160
1089 3267
3192 8512
1581 1054
7530 6024
708 0
1701 2268
3850 11550
8500 7650
676 3042
3672 0
8155 2330
0 4545
371 1484
12761 9115
11606 3316
16137 12551
8505 0
3195 2130
2259 1506
0 8508
870 3045
440 660
1770 2950
3970 9925
7800 3900
8395 0
14168 15939
2070 2070
4908 8589
13349 5721
3468 578
3980 2388
13480 13480
6104 6867
0 18210
9009 12870
12861 2858
4438 3804
297 2376
6250 11250
1696 848
4362 13086
5412 9020
0 2088
1694 11858
6745 2698
1682 4205
13398 15312
825 1925
4220 1266
15992 5997
7344 5508
1015 4060
3104 2716
10500 7000
2705 2705
6940 6940
0 2502
3792 5688
6104 0
2665 2132
1220 7320
680 170
1965 786
5855 7026
3984 1992
7356 5517
2806 1403
4904 1839
2580 3010
0 5236
17280 9600
0 11552
8560 6420
11128 1391
8820 11760
4392 1464
6264 6264
4770 5565
0 3642
6230 3738
11190 13055
5385 2154
9480 17064
8218 2348
5148 5148
1139 6834
5537 5537
7075 2830
14704 16542
1687 1928
3264 2040
7064 883
1206 1608
17260 13808
0 12960
1570 9420
2270 10215
2832 4248
0 476
11754 19590
2607 6952
1380 1380
6000 5000
1865 1865
2610 435
2104 2104
0 1236
586 586
0 1720
0 2595
1220 6100
6744 4496
2220 7770
1167 2334
12481 7132
10731 1533
9390 3130
5830 4664
4460 3568
14272 10704
1500 3000
1602 1068
600 600
1925 13475
0 447
0 15516
12464 1558
3785 4542
5589 7452
1392 928
2688 3024
3046 3046
2360 236
1485 594
11200 6400
1256 2826
374 1870
3459 6918
9198 1022
0 7480
0 12572
2187 486
12940 3882
4536 5670
0 7784
15160 18950
1348 0
4035 3228
15360 13824
3260 5705
1718 2577
837 1953
1440 0
8560 13696
10656 2368
5232 0
11865 11865
960 1440
4170 417
6030 10050
1662 6648
3072 3072
1222 6110
0 1636
238 238
3962 13867
0 3513
10815 0
4180 3344
4452 3816
14571 11333
0 6492
18760 15008
1718 13744
3633 8477
10640 1064
2556 1917
2832 708
9392 7044
3366 11220
4025 805
2102 8408
10680 16020
2954 0
10260 6156
2874 8622
392 0
2856 14280
666 3330
1548 15480
4688 0
400 1000
3282 0
5310 1770
5028 8380
12904 9678
4713 4713
1489 10423
12880 5152
11296 14120
1556 7780
10368 12096
5475 0
2259 5271
13027 0
1665 999
5344 1336
0 3018
2320 2900
6204 9306
6392 2397
758 758
6798 1133
5691 18970
9819 6546
2745 1647
4164 0
3900 0
4605 8289
5502 7074
3250 2275
5224 1959
5268 3512
7312 16452
828 966
5040 1260
11824 5912
219 1314
678 452
6834 4556
9120 7600
333 333
0 5985
4864 7296
0 7320
6016 0
9930 4965
13130 7878
3729 4972
10248 14640
4130 2950
3720 0
6032 3016
3992 998
15354 0
398 0
0 0
12320 6160
0 1019
0 1173
1596 1368
5814 646
13257 11784
1870 7480
994 3479
3518 12313
12285 5265
8760 15768
1604 11228
2600 3900
6645 3987
2076 1730
0 1211
6102 9153
1164 1358
9051 0
2634 0
1879 9395
0 10570
0 0
11544 14430
3432 6864
5596 1399
9025 5415
4932 11508
15180 12144
11968 1496
1770 2124
3564 9504
2200 1540
0 6839
2631 7893
1518 2530
5184 5184
2910 2910
7904 1976
3066 4088
4768 0
6968 2613
0 6552
7265 8718
3374 10122
4746 15820
3486 1743
2535 3380
14296 0
5886 5232
3736 18680
3882 5176
5889 3926
956 0
9048 0
2314 9256
3530 3177
8460 2820
1310 5240
5166 3444
4500 7500
3848 3367
7310 0
672 0
1324 7944
646 646
5065 10130
3240 1620
8190 910
10066 14380
2034 2034
0 3016
1396 2094
6108 0
4692 10557
2388 1592
1918 15344
14870 11896
2065 0
2247 2568
8652 8652
4685 8433
10390 0
785 7850
6340 9510
4361 4361
910 1820
13653 6068
861 246
10896 12712
5472 18240
0 5789
9170 12838
3258 543
3732 11196
6025 6025
885 354
3682 1052
14930 11944
10038 1434
1368 342
161 1127
0 1320
10160 7620
1768 3978
8370 8370
415 2075
3320 1992
5496 1832
5736 5736
17622 5874
1939 15512
704 2112
1110 2220
616 1232
7056 784
13518 9012
10808 4632
4455 6237
5190 4152
9800 0
645 0
0 0
9294 13941
17370 0
1589 0
912 2280
1214 1214
10449 2322
6176 12352
1349 5396
7784 10008
1710 10260
182 1638
6168 3084
16425 14600
0 13360
17235 15320
1619 14571
6412 12824
10536 12292
3348 1116
9738 3246
17110 1711
8136 0
1262 2524
0 2296
5108 12770
7064 7947
9264 9264
1290 1720
0 1478
0 5742
15100 3020
0 3073
2662 1331
13230 8820
11709 2602
1852 7408
258 1161
2792 13960
1410 1692
433 1299
1088 272
9245 16641
670 4020
8910 0
346 173
852 6816
0 1328
8292 12438
13307 15208
9640 3856
3705 11115
7122 7122
9774 10860
2464 2112
2372 8302
9342 0
8960 7840
3106 13977
3513 2342
0 9870
3636 2727
1530 3060
10570 9513
1344 576
3100 3100
13240 9268
11160 2790
13643 19490
1160 2900
1706 11942
17540 5262
11547 3849
5625 1125
2972 8916
1506 1506
5944 14860
4692 5474
5268 10536
5095 5095
3882 5176
4662 1554
3360 4800
0 0
2506 12530
1476 1640
6622 9460
10955 12520
1290 6450
3976 5680
2870 1148
610 5490
0 2075
1020 2550
5436 4832
1150 690
16190 0
1841 1841
14560 10192
8900 16020
12054 0
14769 14769
1227 0
946 5676
378 1134
0 1833
3843 5124
2510 2008
6354 9531
1690 2535
1390 3475
1126 3941
4235 5929
1100 2200
0 3620
1776 2368
5925 4740
4620 11550
2608 1304
2860 7150
6741 6741
11439 11439
1524 508
4912 8596
1023 341
8070 4842
1131 3393
7768 4855
10818 10818
2049 4781
7440 7440
0 2816
12240 10710
3039 9117
0 3370
3876 5814
744 0
292 292
1456 2548
2010 804
12120 3636
4500 9000
12996 12996
3096 6192
4473 1491
1368 0
17860 7144
5892 9820
3160 4424
13040 3912
2952 0
10318 11792
9012 4506
9441 2098
3448 6896
4326 7210
2840 0
0 7256
9900 9900
0 4067
0 16020
1764 8820
858 6006
2920 3285
5510 2755
0 3540
2850 5700
11694 0
0 1070
2166 5415
1541 13869
2962 14810
5020 8785
7845 14121
8920 12488
0 5640
6815 5452
1278 7668
3513 0
964 964
6924 12117
3525 0
10370 8296
3774 10064
6680 9352
6792 16980
4568 7994
9180 9180
9373 2678
4160 520
8928 3968
13251 7572
532 133
7820 9775
4425 5310
1012 1771
1700 3400
3235 1941
8744 9837
7968 10624
0 2912
2376 2376
0 3096
4850 3880
7875 2250
10080 6720
2574 11583
1590 1272
2070 1035
6256 3128
1274 637
6440 5796
10422 12159
5175 5175
15760 9850
2944 368
956 2868
2220 3885
7370 6633
1462 5117
1842 5526
9365 9365
2841 5682
840 2800
830 1328
5895 19650
449 449
1284 1284
3933 4370
9325 18650
5504 2752
17262 1918
0 469
1685 1685
924 1848
0 19560
0 2300
3015 0
3184 12736
1102 5510
4690 4690
2824 9884
11694 15592
1270 12700
1696 3392
8160 5712
11796 9830
13930 2786
7074 786
0 3828
4290 4290
1120 3360
1890 0
1089 1089
8785 0
16320 4896
7206 1201
0 3680
6785 6785
1512 1512
5340 4005
1341 8046
10416 2976
1404 234
5089 2181
1860 1395
9894 14841
13780 1378
688 0
600 1000
13000 5200
2910 970
7224 2064
1992 2490
747 498
8008 8008
3045 1015
345 805
0 7608
9828 2184
1566 3132
2130 1420
3285 1095
7035 1407
3017 862
12816 8544
2482 12410
1224 918
10350 2300
10408 7806
1764 17640
9666 9666
3528 3920
4775 1910
3360 2880
17019 9455
9700 7760
6324 10540
1560 780
4020 4690
1124 281
0 5824
2605 1563
3030 6060
0 798
10878 0
2656 0
12803 5487
2009 1148
1325 1060
2979 9930
16443 18270
1472 368
807 6456
13650 5850
2600 1560
4120 3605
8232 6174
0 11210
1440 1920
7065 11304
7248 14496
1212 2424
648 1620
4236 2824
0 3900
2120 3180
0 15090
9527 5444
8424 0
10056 10056
1194 10746
17397 0
13264 14922
10860 9050
8199 5466
1350 5400
0 9858
9972 6648
0 1610
6462 0
5908 1477
3114 10899
4956 0
0 11976
4608 4608
9970 0
2765 4977
5288 10576
3015 6030
2422 8477
8792 10990
15760 4728
1101 1101
9176 5735
393 1179
4647 12392
1540 3080
4296 5012
725 4350
0 15080
4728 0
1565 14085
0 11350
13248 8832
11424 5712
6115 1223
10780 7700
1402 14020
0 1504
8456 10570
0 13554
6881 4915
6212 9318
0 488
12572 17960
2828 4242
3100 10850
1464 2196
9310 1330
1236 3708
5772 15392
4560 1520
1708 4270
1444 2527
6006 0
2712 2373
390 2730
3064 5362
8463 9672
3165 1266
0 1773
16452 1828
1539 5130
1575 0
13365 5940
11334 18890
1719 1719
1509 0
2625 7000
502 1004
1926 1926
7704 5136
5876 10283
0 3486
8022 5730
4975 3980
6324 1581
8380 1676
3744 0
3906 17577
0 2384
1604 4812
11025 9800
6432 0
13696 5136
9054 1006
6540 3924
4025 1610
10458 0
3042 2028
1504 940
9784 1223
1110 999
2172 1810
1499 14990
11088 16632
984 984
2889 1926
18020 1802
2958 2958
149 1192
10566 3522
3984 11952
11208 0
2288 4576
686 4116
0 0
13928 1741
13349 1907
0 2700
2536 3804
13581 3018
358 2148
12195 1355
5772 7696
936 1053
3888 10368
0 9110
3232 808
16389 1821
1139 3417
9258 4629
4210 7578
392 980
4492 6738
1692 4230
2624 7872
11619 6455
0 16803
7432 5574
10750 6450
10143 11270
7432 14864
3792 10112
0 0
0 9919
11144 6368
3735 4482
492 369
5541 16623
3241 4167
8414 12020
1938 7752
1618 1618
7616 5440
1841 7364
0 3888
0 3456
0 2355
6660 9990
16440 9864
3348 8370
3170 1268
252 252
2928 10248
11648 1664
3560 445
11879 10182
7910 0
283 2830
2628 0
0 0
11052 12894
2194 3291
10578 7052
0 1474
3642 7284
5205 0
12376 12376
6636 13272
5600 1400
7750 1550
9107 6505
1161 8127
1911 17199
0 19690
1687 6748
7090 7090
7641 4245
3584 0
9270 6180
16785 11190
11501 16430
1043 1341
4584 1146
4329 0
6144 3072
1266 10128
15220 13698
11682 11682
673 4711
1705 3410
1140 6840
1017 0
7770 7770
1195 2151
10682 3052
2960 1184
11820 15760
1292 646
2092 6276
4942 4236
0 7176
3984 3984
4592 5740
7460 7460
3180 1908
12656 5424
11817 6565
3843 7686
8350 5845
2865 2865
1110 999
0 5940
14040 8424
728 936
8592 12888
2495 998
3396 0
3984 1992
0 244
7386 3693
6104 3815
4010 4010
808 0
11980 8386
9070 0
8460 10152
6392 3995
8904 6360
0 3530
732 2440
1944 2592
6280 11304
1896 2844
5319 15957
7390 7390
971 5826
6650 665
0 7540
2784 11136
8814 0
866 4330
5094 5660
9025 0
2848 7120
7836 0
3934 0
4255 0
9585 5325
6840 3800
5772 1924
1086 1629
1904 11424
9758 6970
1878 1252
6909 0
1267 8869
536 2144
2841 5682
11650 9320
10632 14176
470 2350
0 6805
1272 2544
3584 512
378 2646
2470 7410
10920 3120
0 0
5278 4524
6930 6160
4344 13032
8580 5148
2508 4180
3069 3069
2805 4488
13968 8730
3514 2510
14048 10536
1344 2016
4347 1449
5940 0
6408 2136
1068 267
6048 2268
7292 0
5580 6510
384 128
1690 3042
1931 19310
6597 6597
5050 4040
1430 715
15912 0
2564 6410
3604 3604
3360 2240
0 3240
2412 0
4095 2457
12447 11064
12890 12890
3790 7580
5361 14296
9040 8136
8406 0
9270 5562
5490 9882
2502 6255
9918 4408
1781 10686
3648 18240
2685 537
19780 15824
2278 2278
2716 2716
1269 3807
513 2052
756 108
9035 14456
13496 5061
4192 1048
1107 246
2532 7596
0 4290
3732 7464
3072 9216
0 2260
2961 1645
6448 3224
2807 3208
1381 1381
3752 5628
6474 7553
8944 10062
1477 0
1158 0
3345 6690
8370 3348
1425 5700
13167 11704
1610 0
4044 3370
2653 1895
11844 0
4710 12560
408 816
1825 9125
2634 2634
3280 5740
5100 1020
3924 5886
1916 13412
14553 12936
1972 9860
4332 2888
9056 2264
348 116
3100 6200
8685 8685
14350 0
5488 2744
1430 12870
7895 14211
0 1570
1460 6570
0 10087
2208 552
1502 15020
5944 2229
6300 10500
3150 2450
664 0
0 9248
4926 2463
11998 15426
0 15912
4634 1986
4731 0
1828 2285
18410 11046
14440 10108
7465 8958
5264 7896
2639 2262
16250 1625
7000 3500
11670 9725
1240 5580
3276 7644
4390 3073
6536 817
15880 0
2838 1419
9432 8384
5166 7380
2116 3703
2310 2310
5990 1198
2968 0
9795 0
17397 15464
1672 3344
4580 2748
2985 5970
4972 3729
8046 4023
10614 12383
13257 8838
3830 9575
203 812
7210 2163
0 10328
12110 9688
1574 0
1553 15530
3398 16990
875 1400
3428 1714
14160 1416
7014 8183
9048 4524
7840 9800
1407 2814
0 13848
1888 1416
8525 6820
592 888
4195 7551
7565 15130
8700 0
6720 3360
8288 9472
19020 13314
1962 0
3600 3600
15630 4689
12810 11529
11592 7245
6996 8162
10536 5268
8904 0
5160 5805
13410 4470
6120 3672
3891 11673
6307 9010
2504 5008
0 6710
18260 9130
702 5616
979 7832
6012 3006
5796 2898
7530 3765
2832 2832
1479 0
2706 1353
1608 1608
1060 106
11312 11312
554 1108
7408 5556
9140 8226
2172 3801
11968 2992
4250 425
914 1828
2656 1328
0 3848
3393 7917
1664 1248
2778 926
7605 0
10716 17860
990 396
0 6085
4840 5445
1277 0
8705 8705
9660 0
3640 1820
11493 2554
5715 13335
12070 0
11144 9751
1140 1596
3890 389
2907 969
697 6970
3955 3955
15471 8595
1902 0
9675 15480
2162 5405
9576 8379
1582 3955
12267 13630
11991 0
6678 742
6024 0
7380 7380
13909 13909
1032 344
1042 4168
5808 14520
2926 2926
1796 3143
8088 8088
1965 17685
4392 0
4902 6536
15896 0
6804 756
4256 9576
724 0
5112 7668
0 0
3482 0
7520 11280
6543 4362
0 7396
3756 10016
8710 6097
7860 11004
11691 5196
3564 2772
2464 308
1274 10192
1530 2550
0 3426
1503 167
1720 13760
3484 1742
3936 984
4452 5724
13755 15720
2804 8412
9540 2120
4168 5210
9408 10584
5814 9690
10064 7548
660 0
4662 0
0 496
429 2574
8780 10536
2340 7800
15440 4632
13905 0
9243 1027
2060 1236
1568 224
1082 1082
3563 3054
0 2844
5490 8235
14769 0
13650 1950
276 276
7938 5670
7227 803
4756 1189
16353 12719
11186 0
315 1890
2444 8554
4557 3255
756 2646
3460 0
3249 0
2313 3855
2080 832
1236 5562
4482 1494
1532 7660
2432 3040
14960 1496
2139 7130
2932 4398
9272 6954
810 0
0 6645
4112 7196
5300 10600
0 5810
7900 0
7800 12480
5785 4628
990 495
3850 6160
8880 8880
1440 1280
3000 3000
3304 944
5886 3924
11952 5312
6408 7476
14320 14320
2451 6536
1938 3230
2535 4563
11608 4353
2284 5710
4942 4942
2170 5425
2234 7819
534 890
0 170
1170 1170
3234 7546
284 994
262 1048
13068 10164
5828 4371
0 496
10590 3530
0 3636
1863 16767
5022 5022
3690 1845
12736 1592
8310 4986
3518 8795
0 17990
4656 15520
6960 5568
7146 1588
3704 7408
4995 0
986 5916
5244 5244
8217 4565
6184 4638
2928 7808
13951 19930
7740 6020
9488 2372
4570 4113
618 927
4860 4860
6744 5058
5034 0
7488 3744
13077 2906
6795 6040
6732 5610
7650 7650
3640 3640
9624 10827
6360 5565
16461 16461
15416 3854
1743 4648
5682 17046
1547 12376
5330 2132
1090 0
16659 11106
618 721
3940 394
10612 3032
0 4179
2488 1866
1520 2660
12330 9590
4988 2494
1459 11672
3528 1176
16030 16030
2664 13320
1350 2700
6576 822
1004 3012
1468 0
4374 1458
6286 8082
8850 6195
3771 0
4976 0
5860 4688
5376 0
2544 1272
11022 0
2380 0
0 13936
5150 1030
8022 1146
2898 1932
4272 712
14280 4284
7713 857
10068 10068
0 12330
10488 0
3612 4816
10350 8280
2832 5664
5864 4398
7840 5488
13752 3056
6912 3840
4295 8590
11544 8658
7944 1986
615 205
5680 11360
6640 11952
4005 8010
17190 13370
3177 3530
1664 1456
0 3375
1694 242
7380 7380
