Instancia 1
1

Instancia 2
2

Instancia 3
6

Instancia 4
4

Instancia 5
2

Instancia 6
2

Instancia 7
4

Instancia 8
2

Instancia 9
8

Instancia 10
8

Instancia 11
8

Instancia 12
6

Instancia 13
8

Instancia 14
2

Instancia 15
8

Instancia 16
8

Instancia 17
6

Instancia 18
8

Instancia 19
2

Instancia 20
4

Instancia 21
2

Instancia 22
4

Instancia 23
6

Instancia 24
4

Instancia 25
4

Instancia 26
2

Instancia 27
4

Instancia 28
2

Instancia 29
8

Instancia 30
8

Instancia 31
2

Instancia 32
6

Instancia 33
4

Instancia 34
6

Instancia 35
8

Instancia 36
6

Instancia 37
4

Instancia 38
8

Instancia 39
4

Instancia 40
6

Instancia 41
8

Instancia 42
6

Instancia 43
8

Instancia 44
2

Instancia 45
4

Instancia 46
2

Instancia 47
8

Instancia 48
2

Instancia 49
2

Instancia 50
4

